<testsuites id="" name="" tests="268" failures="152" skipped="1" errors="0" time="3568.150707">
<testsuite name="00-setup.spec.ts" timestamp="2025-10-18T13:45:22.039Z" hostname="chromium" tests="2" failures="0" skipped="0" time="12.616" errors="0">
<testcase name="Test Setup and Environment › should verify test environment" classname="00-setup.spec.ts" time="10.341">
<system-out>
<![CDATA[🚀 Starting SmartStore SaaS E2E Tests
=====================================
⚠️ Unexpected URL: http://localhost:3000/login?callbackUrl=%2F
Page title: Login - SmartStore SaaS
✅ No error messages detected on homepage
✅ Test environment is ready
]]>
</system-out>
<system-err>
<![CDATA[(node:68947) Warning: The 'NO_COLOR' env is ignored due to the 'FORCE_COLOR' env being set.
(Use `node --trace-warnings ...` to show where the warning was created)
]]>
</system-err>
</testcase>
<testcase name="Test Setup and Environment › should check browser capabilities" classname="00-setup.spec.ts" time="2.275">
<system-out>
<![CDATA[Testing on chromium browser
JavaScript enabled: ✅
Viewport size: 1280x720
User agent: Mozilla/5.0 (Windows NT 10.0; Win64; x64) AppleWeb...
]]>
</system-out>
<system-err>
<![CDATA[(node:68948) Warning: The 'NO_COLOR' env is ignored due to the 'FORCE_COLOR' env being set.
(Use `node --trace-warnings ...` to show where the warning was created)
]]>
</system-err>
</testcase>
</testsuite>
<testsuite name="01-authentication.spec.ts" timestamp="2025-10-18T13:45:22.039Z" hostname="chromium" tests="5" failures="0" skipped="0" time="66.15" errors="0">
<testcase name="Authentication Flow › should display login page correctly" classname="01-authentication.spec.ts" time="8.171">
</testcase>
<testcase name="Authentication Flow › should navigate to login page from home" classname="01-authentication.spec.ts" time="18.894">
</testcase>
<testcase name="Authentication Flow › should show error for invalid credentials" classname="01-authentication.spec.ts" time="20.437">
</testcase>
<testcase name="Authentication Flow › should have working social login buttons" classname="01-authentication.spec.ts" time="10.085">
</testcase>
<testcase name="Authentication Flow › should redirect to dashboard after successful login" classname="01-authentication.spec.ts" time="8.563">
</testcase>
</testsuite>
<testsuite name="02-dashboard.spec.ts" timestamp="2025-10-18T13:45:22.039Z" hostname="chromium" tests="4" failures="4" skipped="0" time="172.464" errors="0">
<testcase name="Dashboard Functionality › should load dashboard page" classname="02-dashboard.spec.ts" time="42.346">
<failure message="02-dashboard.spec.ts:19:7 should load dashboard page" type="FAILURE">
<![CDATA[  [chromium] › 02-dashboard.spec.ts:19:7 › Dashboard Functionality › should load dashboard page ────

    TimeoutError: page.waitForURL: Timeout 30000ms exceeded.
    =========================== logs ===========================
    waiting for navigation to "**/dashboard" until "load"
      navigated to "http://localhost:3000/login?callbackUrl=%2Fdashboard"
      navigated to "http://localhost:3000/login?callbackUrl=%2Fdashboard"
    ============================================================

       8 |   await page.fill('[data-testid="password-input"]', 'password123');
       9 |   await page.click('button[type="submit"]');
    > 10 |   await page.waitForURL('**/dashboard', { timeout: 30000 });
         |              ^
      11 |   await page.waitForLoadState('domcontentloaded');
      12 | }
      13 |
        at loginAsAdmin (/Users/asithalakmal/Documents/web/untitled folder/SmartStoreSaaS-Mono/tests/02-dashboard.spec.ts:10:14)
        at /Users/asithalakmal/Documents/web/untitled folder/SmartStoreSaaS-Mono/tests/02-dashboard.spec.ts:16:5

    attachment #1: screenshot (image/png) ──────────────────────────────────────────────────────────
    ../test-results/02-dashboard-Dashboard-Fun-1cb37--should-load-dashboard-page-chromium/test-failed-1.png
    ────────────────────────────────────────────────────────────────────────────────────────────────

    attachment #2: video (video/webm) ──────────────────────────────────────────────────────────────
    ../test-results/02-dashboard-Dashboard-Fun-1cb37--should-load-dashboard-page-chromium/video.webm
    ────────────────────────────────────────────────────────────────────────────────────────────────

    Error Context: ../test-results/02-dashboard-Dashboard-Fun-1cb37--should-load-dashboard-page-chromium/error-context.md
]]>
</failure>
<system-out>
<![CDATA[
[[ATTACHMENT|02-dashboard-Dashboard-Fun-1cb37--should-load-dashboard-page-chromium/test-failed-1.png]]

[[ATTACHMENT|02-dashboard-Dashboard-Fun-1cb37--should-load-dashboard-page-chromium/video.webm]]

[[ATTACHMENT|02-dashboard-Dashboard-Fun-1cb37--should-load-dashboard-page-chromium/error-context.md]]
]]>
</system-out>
</testcase>
<testcase name="Dashboard Functionality › should display navigation menu" classname="02-dashboard.spec.ts" time="41.817">
<failure message="02-dashboard.spec.ts:33:7 should display navigation menu" type="FAILURE">
<![CDATA[  [chromium] › 02-dashboard.spec.ts:33:7 › Dashboard Functionality › should display navigation menu 

    TimeoutError: page.waitForURL: Timeout 30000ms exceeded.
    =========================== logs ===========================
    waiting for navigation to "**/dashboard" until "load"
      navigated to "http://localhost:3000/login?callbackUrl=%2Fdashboard"
      navigated to "http://localhost:3000/login?callbackUrl=%2Fdashboard"
    ============================================================

       8 |   await page.fill('[data-testid="password-input"]', 'password123');
       9 |   await page.click('button[type="submit"]');
    > 10 |   await page.waitForURL('**/dashboard', { timeout: 30000 });
         |              ^
      11 |   await page.waitForLoadState('domcontentloaded');
      12 | }
      13 |
        at loginAsAdmin (/Users/asithalakmal/Documents/web/untitled folder/SmartStoreSaaS-Mono/tests/02-dashboard.spec.ts:10:14)
        at /Users/asithalakmal/Documents/web/untitled folder/SmartStoreSaaS-Mono/tests/02-dashboard.spec.ts:16:5

    attachment #1: screenshot (image/png) ──────────────────────────────────────────────────────────
    ../test-results/02-dashboard-Dashboard-Fun-26d2e-uld-display-navigation-menu-chromium/test-failed-1.png
    ────────────────────────────────────────────────────────────────────────────────────────────────

    attachment #2: video (video/webm) ──────────────────────────────────────────────────────────────
    ../test-results/02-dashboard-Dashboard-Fun-26d2e-uld-display-navigation-menu-chromium/video.webm
    ────────────────────────────────────────────────────────────────────────────────────────────────

    Error Context: ../test-results/02-dashboard-Dashboard-Fun-26d2e-uld-display-navigation-menu-chromium/error-context.md
]]>
</failure>
<system-out>
<![CDATA[
[[ATTACHMENT|02-dashboard-Dashboard-Fun-26d2e-uld-display-navigation-menu-chromium/test-failed-1.png]]

[[ATTACHMENT|02-dashboard-Dashboard-Fun-26d2e-uld-display-navigation-menu-chromium/video.webm]]

[[ATTACHMENT|02-dashboard-Dashboard-Fun-26d2e-uld-display-navigation-menu-chromium/error-context.md]]
]]>
</system-out>
</testcase>
<testcase name="Dashboard Functionality › should load all main pages" classname="02-dashboard.spec.ts" time="44.595">
<failure message="02-dashboard.spec.ts:50:7 should load all main pages" type="FAILURE">
<![CDATA[  [chromium] › 02-dashboard.spec.ts:50:7 › Dashboard Functionality › should load all main pages ────

    TimeoutError: page.waitForURL: Timeout 30000ms exceeded.
    =========================== logs ===========================
    waiting for navigation to "**/dashboard" until "load"
      navigated to "http://localhost:3000/login?callbackUrl=%2Fdashboard"
      navigated to "http://localhost:3000/login?callbackUrl=%2Fdashboard"
    ============================================================

       8 |   await page.fill('[data-testid="password-input"]', 'password123');
       9 |   await page.click('button[type="submit"]');
    > 10 |   await page.waitForURL('**/dashboard', { timeout: 30000 });
         |              ^
      11 |   await page.waitForLoadState('domcontentloaded');
      12 | }
      13 |
        at loginAsAdmin (/Users/asithalakmal/Documents/web/untitled folder/SmartStoreSaaS-Mono/tests/02-dashboard.spec.ts:10:14)
        at /Users/asithalakmal/Documents/web/untitled folder/SmartStoreSaaS-Mono/tests/02-dashboard.spec.ts:16:5

    attachment #1: screenshot (image/png) ──────────────────────────────────────────────────────────
    ../test-results/02-dashboard-Dashboard-Fun-9d94e--should-load-all-main-pages-chromium/test-failed-1.png
    ────────────────────────────────────────────────────────────────────────────────────────────────

    attachment #2: video (video/webm) ──────────────────────────────────────────────────────────────
    ../test-results/02-dashboard-Dashboard-Fun-9d94e--should-load-all-main-pages-chromium/video.webm
    ────────────────────────────────────────────────────────────────────────────────────────────────

    Error Context: ../test-results/02-dashboard-Dashboard-Fun-9d94e--should-load-all-main-pages-chromium/error-context.md
]]>
</failure>
<system-out>
<![CDATA[
[[ATTACHMENT|02-dashboard-Dashboard-Fun-9d94e--should-load-all-main-pages-chromium/test-failed-1.png]]

[[ATTACHMENT|02-dashboard-Dashboard-Fun-9d94e--should-load-all-main-pages-chromium/video.webm]]

[[ATTACHMENT|02-dashboard-Dashboard-Fun-9d94e--should-load-all-main-pages-chromium/error-context.md]]
]]>
</system-out>
</testcase>
<testcase name="Dashboard Functionality › should have responsive design" classname="02-dashboard.spec.ts" time="43.706">
<failure message="02-dashboard.spec.ts:79:7 should have responsive design" type="FAILURE">
<![CDATA[  [chromium] › 02-dashboard.spec.ts:79:7 › Dashboard Functionality › should have responsive design ─

    TimeoutError: page.waitForURL: Timeout 30000ms exceeded.
    =========================== logs ===========================
    waiting for navigation to "**/dashboard" until "load"
    ============================================================

       8 |   await page.fill('[data-testid="password-input"]', 'password123');
       9 |   await page.click('button[type="submit"]');
    > 10 |   await page.waitForURL('**/dashboard', { timeout: 30000 });
         |              ^
      11 |   await page.waitForLoadState('domcontentloaded');
      12 | }
      13 |
        at loginAsAdmin (/Users/asithalakmal/Documents/web/untitled folder/SmartStoreSaaS-Mono/tests/02-dashboard.spec.ts:10:14)
        at /Users/asithalakmal/Documents/web/untitled folder/SmartStoreSaaS-Mono/tests/02-dashboard.spec.ts:16:5

    attachment #1: screenshot (image/png) ──────────────────────────────────────────────────────────
    ../test-results/02-dashboard-Dashboard-Fun-1db5e-ould-have-responsive-design-chromium/test-failed-1.png
    ────────────────────────────────────────────────────────────────────────────────────────────────

    attachment #2: video (video/webm) ──────────────────────────────────────────────────────────────
    ../test-results/02-dashboard-Dashboard-Fun-1db5e-ould-have-responsive-design-chromium/video.webm
    ────────────────────────────────────────────────────────────────────────────────────────────────

    Error Context: ../test-results/02-dashboard-Dashboard-Fun-1db5e-ould-have-responsive-design-chromium/error-context.md
]]>
</failure>
<system-out>
<![CDATA[
[[ATTACHMENT|02-dashboard-Dashboard-Fun-1db5e-ould-have-responsive-design-chromium/test-failed-1.png]]

[[ATTACHMENT|02-dashboard-Dashboard-Fun-1db5e-ould-have-responsive-design-chromium/video.webm]]

[[ATTACHMENT|02-dashboard-Dashboard-Fun-1db5e-ould-have-responsive-design-chromium/error-context.md]]
]]>
</system-out>
</testcase>
</testsuite>
<testsuite name="03-crud-operations.spec.ts" timestamp="2025-10-18T13:45:22.039Z" hostname="chromium" tests="6" failures="0" skipped="0" time="87.787" errors="0">
<testcase name="CRUD Operations › should test products page functionality" classname="03-crud-operations.spec.ts" time="20.57">
<system-out>
<![CDATA[Authentication failed, continuing with current page state
✅ Products page correctly redirects to login when not authenticated
]]>
</system-out>
<system-err>
<![CDATA[(node:73167) Warning: The 'NO_COLOR' env is ignored due to the 'FORCE_COLOR' env being set.
(Use `node --trace-warnings ...` to show where the warning was created)
]]>
</system-err>
</testcase>
<testcase name="CRUD Operations › should test orders page functionality" classname="03-crud-operations.spec.ts" time="15.442">
<system-out>
<![CDATA[Authentication failed, continuing with current page state
✅ Orders page correctly redirects to login when not authenticated
]]>
</system-out>
<system-err>
<![CDATA[(node:73175) Warning: The 'NO_COLOR' env is ignored due to the 'FORCE_COLOR' env being set.
(Use `node --trace-warnings ...` to show where the warning was created)
]]>
</system-err>
</testcase>
<testcase name="CRUD Operations › should test customers page functionality" classname="03-crud-operations.spec.ts" time="8.985">
<system-out>
<![CDATA[Authentication failed, continuing with current page state
✅ Customers page correctly redirects to login when not authenticated
]]>
</system-out>
</testcase>
<testcase name="CRUD Operations › should test accounting module functionality" classname="03-crud-operations.spec.ts" time="17.969">
<system-out>
<![CDATA[Authentication failed, continuing with current page state
✅ Accounting page correctly redirects to login when not authenticated
]]>
</system-out>
</testcase>
<testcase name="CRUD Operations › should test procurement module functionality" classname="03-crud-operations.spec.ts" time="11.281">
<system-out>
<![CDATA[Authentication failed, continuing with current page state
✅ Procurement page correctly redirects to login when not authenticated
]]>
</system-out>
</testcase>
<testcase name="CRUD Operations › should test form interactions" classname="03-crud-operations.spec.ts" time="13.54">
<system-out>
<![CDATA[Authentication failed, continuing with current page state
Testing forms on /products...
✅ /products correctly redirects to login
Testing forms on /orders...
✅ /orders correctly redirects to login
Testing forms on /customers...
✅ /customers correctly redirects to login
Testing forms on /accounting/chart-of-accounts...
✅ /accounting/chart-of-accounts correctly redirects to login
Testing forms on /procurement/suppliers...
✅ /procurement/suppliers correctly redirects to login
]]>
</system-out>
</testcase>
</testsuite>
<testsuite name="04-api-endpoints.spec.ts" timestamp="2025-10-18T13:45:22.039Z" hostname="chromium" tests="4" failures="2" skipped="0" time="61.006" errors="0">
<testcase name="API Endpoints › should test public API endpoints" classname="04-api-endpoints.spec.ts" time="26.996">
<system-out>
<![CDATA[Testing Health Check...
❌ Health Check: Expected 200, got 404
Testing DB Check...
❌ DB Check: Expected 200, got 404
Testing Auth Providers...
❌ Auth Providers: Expected 200, got 404
Testing System Status...
❌ System Status: Expected 200, got 404
]]>
</system-out>
</testcase>
<testcase name="API Endpoints › should test protected API endpoints (should return 401)" classname="04-api-endpoints.spec.ts" time="10.929">
<failure message="04-api-endpoints.spec.ts:34:7 should test protected API endpoints (should return 401)" type="FAILURE">
<![CDATA[  [chromium] › 04-api-endpoints.spec.ts:34:7 › API Endpoints › should test protected API endpoints (should return 401) 

    Error: apiRequestContext.get: read ECONNRESET
    Call log:
      - → GET https://smartstore-saas.vercel.app/api/products
        - user-agent: Mozilla/5.0 (Windows NT 10.0; Win64; x64) AppleWebKit/537.36 (KHTML, like Gecko) Chrome/140.0.7339.186 Safari/537.36
        - accept: */*
        - accept-encoding: gzip,deflate,br


      56 |       let response;
      57 |       if (endpoint.method === 'GET') {
    > 58 |         response = await request.get(`${baseURL}${endpoint.url}`);
         |                                  ^
      59 |       } else if (endpoint.method === 'POST') {
      60 |         response = await request.post(`${baseURL}${endpoint.url}`, {
      61 |           data: { test: true }
        at /Users/asithalakmal/Documents/web/untitled folder/SmartStoreSaaS-Mono/tests/04-api-endpoints.spec.ts:58:34
]]>
</failure>
<system-out>
<![CDATA[Testing Products GET...
]]>
</system-out>
</testcase>
<testcase name="API Endpoints › should test API response times" classname="04-api-endpoints.spec.ts" time="15.508">
<failure message="04-api-endpoints.spec.ts:75:7 should test API response times" type="FAILURE">
<![CDATA[  [chromium] › 04-api-endpoints.spec.ts:75:7 › API Endpoints › should test API response times ──────

    Error: apiRequestContext.get: read ECONNRESET
    Call log:
      - → GET https://smartstore-saas.vercel.app/api/health
        - user-agent: Mozilla/5.0 (Windows NT 10.0; Win64; x64) AppleWebKit/537.36 (KHTML, like Gecko) Chrome/140.0.7339.186 Safari/537.36
        - accept: */*
        - accept-encoding: gzip,deflate,br


      85 |     for (const endpoint of endpoints) {
      86 |       const startTime = Date.now();
    > 87 |       const response = await request.get(`${baseURL}${endpoint}`);
         |                                      ^
      88 |       const endTime = Date.now();
      89 |       const responseTime = endTime - startTime;
      90 |       
        at /Users/asithalakmal/Documents/web/untitled folder/SmartStoreSaaS-Mono/tests/04-api-endpoints.spec.ts:87:38
]]>
</failure>
</testcase>
<testcase name="API Endpoints › should test API error handling" classname="04-api-endpoints.spec.ts" time="7.573">
<system-out>
<![CDATA[✅ Non-existent endpoint correctly returns 404
]]>
</system-out>
</testcase>
</testsuite>
<testsuite name="05-ui-components.spec.ts" timestamp="2025-10-18T13:45:22.039Z" hostname="chromium" tests="7" failures="0" skipped="0" time="121.031" errors="0">
<testcase name="UI Components › should test responsive navigation" classname="05-ui-components.spec.ts" time="20.542">
<system-out>
<![CDATA[🔍 Checking authentication status. Current URL: about:blank
🚀 Navigating to dashboard...
🔄 Redirected to login, authenticating...
🔐 Attempting to log in as test user...
]]>
</system-out>
<system-err>
<![CDATA[⚠️ Still on login page after authentication attempt
]]>
</system-err>
</testcase>
<testcase name="UI Components › should test theme toggle functionality" classname="05-ui-components.spec.ts" time="19.092">
<system-out>
<![CDATA[🔍 Checking authentication status. Current URL: about:blank
🚀 Navigating to dashboard...
🔄 Redirected to login, authenticating...
🔐 Attempting to log in as test user...
ℹ️ Theme toggle button not found
]]>
</system-out>
<system-err>
<![CDATA[(node:75679) Warning: The 'NO_COLOR' env is ignored due to the 'FORCE_COLOR' env being set.
(Use `node --trace-warnings ...` to show where the warning was created)
⚠️ Still on login page after authentication attempt
]]>
</system-err>
</testcase>
<testcase name="UI Components › should test form validation" classname="05-ui-components.spec.ts" time="16.594">
<system-out>
<![CDATA[🔍 Checking authentication status. Current URL: about:blank
🚀 Navigating to dashboard...
🔄 Redirected to login, authenticating...
🔐 Attempting to log in as test user...
✅ Form validation is working
]]>
</system-out>
<system-err>
<![CDATA[⚠️ Still on login page after authentication attempt
]]>
</system-err>
</testcase>
<testcase name="UI Components › should test loading states" classname="05-ui-components.spec.ts" time="16.423">
<system-out>
<![CDATA[🔍 Checking authentication status. Current URL: about:blank
🚀 Navigating to dashboard...
🔄 Redirected to login, authenticating...
🔐 Attempting to log in as test user...
ℹ️ No loading indicators found
]]>
</system-out>
<system-err>
<![CDATA[⚠️ Still on login page after authentication attempt
]]>
</system-err>
</testcase>
<testcase name="UI Components › should test error boundaries" classname="05-ui-components.spec.ts" time="15.192">
<system-out>
<![CDATA[🔍 Checking authentication status. Current URL: about:blank
🚀 Navigating to dashboard...
🔄 Redirected to login, authenticating...
🔐 Attempting to log in as test user...
✅ No error messages detected
]]>
</system-out>
<system-err>
<![CDATA[⚠️ Still on login page after authentication attempt
]]>
</system-err>
</testcase>
<testcase name="UI Components › should test accessibility features" classname="05-ui-components.spec.ts" time="15.768">
<system-out>
<![CDATA[🔍 Checking authentication status. Current URL: about:blank
🚀 Navigating to dashboard...
🔄 Redirected to login, authenticating...
🔐 Attempting to log in as test user...
✅ 5/5 buttons have accessible labels
✅ 2/2 inputs have accessible labels
]]>
</system-out>
<system-err>
<![CDATA[⚠️ Still on login page after authentication attempt
]]>
</system-err>
</testcase>
<testcase name="UI Components › should test keyboard navigation" classname="05-ui-components.spec.ts" time="17.42">
<system-out>
<![CDATA[🔍 Checking authentication status. Current URL: about:blank
🚀 Navigating to dashboard...
🔄 Redirected to login, authenticating...
🔐 Attempting to log in as test user...
✅ Keyboard navigation is working
]]>
</system-out>
<system-err>
<![CDATA[⚠️ Still on login page after authentication attempt
]]>
</system-err>
</testcase>
</testsuite>
<testsuite name="06-performance.spec.ts" timestamp="2025-10-18T13:45:22.039Z" hostname="chromium" tests="6" failures="0" skipped="0" time="74.919" errors="0">
<testcase name="Performance Tests › should test page load performance" classname="06-performance.spec.ts" time="33.548">
<system-out>
<![CDATA[Testing performance for Home...
Home: 2360ms
✅ Home loads quickly
Testing performance for Login...
Login: 3520ms
✅ Login loads quickly
Testing performance for Products...
Products: 3433ms
✅ Products loads quickly
Testing performance for Orders...
Orders: 4272ms
✅ Orders loads quickly
Testing performance for Customers...
Customers: 2244ms
✅ Customers loads quickly
Testing performance for Analytics...
Analytics: 4437ms
✅ Analytics loads quickly
Testing performance for Accounting...
Accounting: 2733ms
✅ Accounting loads quickly
Testing performance for Procurement...
Procurement: 3866ms
✅ Procurement loads quickly
Testing performance for Monitoring...
Monitoring: 2280ms
✅ Monitoring loads quickly
Testing performance for Documentation...
Documentation: 3134ms
✅ Documentation loads quickly
]]>
</system-out>
</testcase>
<testcase name="Performance Tests › should test Core Web Vitals" classname="06-performance.spec.ts" time="7.566">
<system-out>
<![CDATA[DOM Content Loaded: 0ms
Load Complete: 0ms
Total Time: 4703ms
]]>
</system-out>
</testcase>
<testcase name="Performance Tests › should test memory usage" classname="06-performance.spec.ts" time="6.502">
<system-out>
<![CDATA[Memory Usage: 65MB / 65MB (Limit: 2222MB)
✅ Memory usage is reasonable
]]>
</system-out>
</testcase>
<testcase name="Performance Tests › should test network requests" classname="06-performance.spec.ts" time="6.359">
<system-out>
<![CDATA[Total network requests: 9
✅ No failed network requests
✅ Network request monitoring completed
]]>
</system-out>
</testcase>
<testcase name="Performance Tests › should test mobile performance" classname="06-performance.spec.ts" time="4.874">
<system-out>
<![CDATA[Mobile load time: 2966ms
✅ Mobile performance is good
]]>
</system-out>
</testcase>
<testcase name="Performance Tests › should test API response times" classname="06-performance.spec.ts" time="16.07">
<system-out>
<![CDATA[/api/health: 200 (3833ms)
❌ /api/health response time is too slow
/api/db-check: 401 (4224ms)
❌ /api/db-check response time is too slow
/api/auth/providers: 200 (328ms)
✅ /api/auth/providers responds quickly
/api/monitoring/status: 401 (1947ms)
⚠️ /api/monitoring/status responds slowly
]]>
</system-out>
</testcase>
</testsuite>
<testsuite name="07-simple-tests.spec.ts" timestamp="2025-10-18T13:45:22.039Z" hostname="chromium" tests="5" failures="0" skipped="0" time="45.005" errors="0">
<testcase name="Simple Tests (No Authentication) › should load login page" classname="07-simple-tests.spec.ts" time="14.451">
</testcase>
<testcase name="Simple Tests (No Authentication) › should load home page" classname="07-simple-tests.spec.ts" time="4.653">
</testcase>
<testcase name="Simple Tests (No Authentication) › should test login form interaction" classname="07-simple-tests.spec.ts" time="5.403">
</testcase>
<testcase name="Simple Tests (No Authentication) › should test page navigation" classname="07-simple-tests.spec.ts" time="10.957">
</testcase>
<testcase name="Simple Tests (No Authentication) › should test responsive design" classname="07-simple-tests.spec.ts" time="9.541">
</testcase>
</testsuite>
<testsuite name="08-simple-dashboard.spec.ts" timestamp="2025-10-18T13:45:22.039Z" hostname="chromium" tests="5" failures="0" skipped="0" time="31.005" errors="0">
<testcase name="Simple Dashboard Tests › should load login page" classname="08-simple-dashboard.spec.ts" time="5.159">
<system-out>
<![CDATA[✅ Email input is visible
✅ Password input is visible
✅ Submit button is visible
]]>
</system-out>
</testcase>
<testcase name="Simple Dashboard Tests › should load home page" classname="08-simple-dashboard.spec.ts" time="5.285">
<system-out>
<![CDATA[✅ Home page loads successfully
]]>
</system-out>
</testcase>
<testcase name="Simple Dashboard Tests › should test API endpoints" classname="08-simple-dashboard.spec.ts" time="1.774">
<system-out>
<![CDATA[Testing /api/health...
❌ /api/health failed: apiRequestContext.get: connect ECONNREFUSED ::1:3001
Call log:
[2m  - → GET http://localhost:3001/api/health[22m
[2m    - user-agent: Mozilla/5.0 (Windows NT 10.0; Win64; x64) AppleWebKit/537.36 (KHTML, like Gecko) Chrome/140.0.7339.186 Safari/537.36[22m
[2m    - accept: */*[22m
[2m    - accept-encoding: gzip,deflate,br[22m

Testing /api/monitoring/status...
❌ /api/monitoring/status failed: apiRequestContext.get: connect ECONNREFUSED ::1:3001
Call log:
[2m  - → GET http://localhost:3001/api/monitoring/status[22m
[2m    - user-agent: Mozilla/5.0 (Windows NT 10.0; Win64; x64) AppleWebKit/537.36 (KHTML, like Gecko) Chrome/140.0.7339.186 Safari/537.36[22m
[2m    - accept: */*[22m
[2m    - accept-encoding: gzip,deflate,br[22m

]]>
</system-out>
</testcase>
<testcase name="Simple Dashboard Tests › should test page structure" classname="08-simple-dashboard.spec.ts" time="8.5">
<system-out>
<![CDATA[Testing Home page structure...
✅ Home page has proper structure
Testing Login page structure...
✅ Login page has proper structure
]]>
</system-out>
</testcase>
<testcase name="Simple Dashboard Tests › should test responsive design" classname="08-simple-dashboard.spec.ts" time="10.287">
<system-out>
<![CDATA[✅ Mobile viewport works
✅ Desktop viewport works
]]>
</system-out>
</testcase>
</testsuite>
<testsuite name="09-nextauth-login.spec.ts" timestamp="2025-10-18T13:45:22.039Z" hostname="chromium" tests="4" failures="2" skipped="0" time="63.96" errors="0">
<testcase name="NextAuth Login Tests › should login with super admin credentials" classname="09-nextauth-login.spec.ts" time="19.097">
<failure message="09-nextauth-login.spec.ts:4:7 should login with super admin credentials" type="FAILURE">
<![CDATA[  [chromium] › 09-nextauth-login.spec.ts:4:7 › NextAuth Login Tests › should login with super admin credentials 

    TimeoutError: page.waitForURL: Timeout 10000ms exceeded.
    =========================== logs ===========================
    waiting for navigation to "**/dashboard/**" until "load"
      navigated to "http://localhost:3000/login?callbackUrl=%2Fdashboard"
      navigated to "http://localhost:3000/login?callbackUrl=%2Fdashboard"
    ============================================================

      13 |     
      14 |     // Wait for navigation to dashboard
    > 15 |     await page.waitForURL('**/dashboard/**', { timeout: 10000 });
         |                ^
      16 |     
      17 |     // Verify we're on dashboard
      18 |     expect(page.url()).toContain('/dashboard');
        at /Users/asithalakmal/Documents/web/untitled folder/SmartStoreSaaS-Mono/tests/09-nextauth-login.spec.ts:15:16

    attachment #1: screenshot (image/png) ──────────────────────────────────────────────────────────
    ../test-results/09-nextauth-login-NextAuth-9e049-ith-super-admin-credentials-chromium/test-failed-1.png
    ────────────────────────────────────────────────────────────────────────────────────────────────

    attachment #2: video (video/webm) ──────────────────────────────────────────────────────────────
    ../test-results/09-nextauth-login-NextAuth-9e049-ith-super-admin-credentials-chromium/video.webm
    ────────────────────────────────────────────────────────────────────────────────────────────────

    Error Context: ../test-results/09-nextauth-login-NextAuth-9e049-ith-super-admin-credentials-chromium/error-context.md
]]>
</failure>
<system-out>
<![CDATA[
[[ATTACHMENT|09-nextauth-login-NextAuth-9e049-ith-super-admin-credentials-chromium/test-failed-1.png]]

[[ATTACHMENT|09-nextauth-login-NextAuth-9e049-ith-super-admin-credentials-chromium/video.webm]]

[[ATTACHMENT|09-nextauth-login-NextAuth-9e049-ith-super-admin-credentials-chromium/error-context.md]]
]]>
</system-out>
</testcase>
<testcase name="NextAuth Login Tests › should login with tenant admin credentials" classname="09-nextauth-login.spec.ts" time="20.831">
<failure message="09-nextauth-login.spec.ts:24:7 should login with tenant admin credentials" type="FAILURE">
<![CDATA[  [chromium] › 09-nextauth-login.spec.ts:24:7 › NextAuth Login Tests › should login with tenant admin credentials 

    TimeoutError: page.waitForURL: Timeout 10000ms exceeded.
    =========================== logs ===========================
    waiting for navigation to "**/dashboard/**" until "load"
    ============================================================

      33 |     
      34 |     // Wait for navigation to dashboard
    > 35 |     await page.waitForURL('**/dashboard/**', { timeout: 10000 });
         |                ^
      36 |     
      37 |     // Verify we're on dashboard
      38 |     expect(page.url()).toContain('/dashboard');
        at /Users/asithalakmal/Documents/web/untitled folder/SmartStoreSaaS-Mono/tests/09-nextauth-login.spec.ts:35:16

    attachment #1: screenshot (image/png) ──────────────────────────────────────────────────────────
    ../test-results/09-nextauth-login-NextAuth-75eac-th-tenant-admin-credentials-chromium/test-failed-1.png
    ────────────────────────────────────────────────────────────────────────────────────────────────

    attachment #2: video (video/webm) ──────────────────────────────────────────────────────────────
    ../test-results/09-nextauth-login-NextAuth-75eac-th-tenant-admin-credentials-chromium/video.webm
    ────────────────────────────────────────────────────────────────────────────────────────────────

    Error Context: ../test-results/09-nextauth-login-NextAuth-75eac-th-tenant-admin-credentials-chromium/error-context.md
]]>
</failure>
<system-out>
<![CDATA[
[[ATTACHMENT|09-nextauth-login-NextAuth-75eac-th-tenant-admin-credentials-chromium/test-failed-1.png]]

[[ATTACHMENT|09-nextauth-login-NextAuth-75eac-th-tenant-admin-credentials-chromium/video.webm]]

[[ATTACHMENT|09-nextauth-login-NextAuth-75eac-th-tenant-admin-credentials-chromium/error-context.md]]
]]>
</system-out>
</testcase>
<testcase name="NextAuth Login Tests › should reject invalid credentials" classname="09-nextauth-login.spec.ts" time="8.605">
</testcase>
<testcase name="NextAuth Login Tests › should test customer login" classname="09-nextauth-login.spec.ts" time="15.427">
</testcase>
</testsuite>
<testsuite name="accessibility/keyboard-navigation.spec.ts" timestamp="2025-10-18T13:45:22.039Z" hostname="chromium" tests="12" failures="7" skipped="0" time="263.465" errors="0">
<testcase name="Keyboard Navigation Tests › 01 - Can navigate login form with Tab" classname="accessibility/keyboard-navigation.spec.ts" time="5.626">
</testcase>
<testcase name="Keyboard Navigation Tests › 02 - Can navigate backwards with Shift+Tab" classname="accessibility/keyboard-navigation.spec.ts" time="9.623">
</testcase>
<testcase name="Keyboard Navigation Tests › 03 - Can submit login form with Enter" classname="accessibility/keyboard-navigation.spec.ts" time="14.747">
</testcase>
<testcase name="Keyboard Navigation Tests › 04 - Can navigate dashboard menu with keyboard" classname="accessibility/keyboard-navigation.spec.ts" time="34.746">
<failure message="keyboard-navigation.spec.ts:75:7 04 - Can navigate dashboard menu with keyboard" type="FAILURE">
<![CDATA[  [chromium] › accessibility/keyboard-navigation.spec.ts:75:7 › Keyboard Navigation Tests › 04 - Can navigate dashboard menu with keyboard 

    TimeoutError: page.waitForURL: Timeout 20000ms exceeded.
    =========================== logs ===========================
    waiting for navigation to "**/dashboard" until "load"
      navigated to "http://localhost:3000/login?callbackUrl=%2Fdashboard"
      navigated to "http://localhost:3000/login?callbackUrl=%2Fdashboard"
    ============================================================

      16 |   await page.fill('input[type="password"]', TEST_USER.password);
      17 |   await page.click('button[type="submit"]');
    > 18 |   await page.waitForURL('**/dashboard', { timeout: 20000 });
         |              ^
      19 | }
      20 |
      21 | test.describe('Keyboard Navigation Tests', () => {
        at login (/Users/asithalakmal/Documents/web/untitled folder/SmartStoreSaaS-Mono/tests/accessibility/keyboard-navigation.spec.ts:18:14)
        at /Users/asithalakmal/Documents/web/untitled folder/SmartStoreSaaS-Mono/tests/accessibility/keyboard-navigation.spec.ts:76:5

    attachment #1: screenshot (image/png) ──────────────────────────────────────────────────────────
    ../test-results/accessibility-keyboard-nav-fb93f-ashboard-menu-with-keyboard-chromium/test-failed-1.png
    ────────────────────────────────────────────────────────────────────────────────────────────────

    attachment #2: video (video/webm) ──────────────────────────────────────────────────────────────
    ../test-results/accessibility-keyboard-nav-fb93f-ashboard-menu-with-keyboard-chromium/video.webm
    ────────────────────────────────────────────────────────────────────────────────────────────────

    Error Context: ../test-results/accessibility-keyboard-nav-fb93f-ashboard-menu-with-keyboard-chromium/error-context.md
]]>
</failure>
<system-out>
<![CDATA[
[[ATTACHMENT|accessibility-keyboard-nav-fb93f-ashboard-menu-with-keyboard-chromium/test-failed-1.png]]

[[ATTACHMENT|accessibility-keyboard-nav-fb93f-ashboard-menu-with-keyboard-chromium/video.webm]]

[[ATTACHMENT|accessibility-keyboard-nav-fb93f-ashboard-menu-with-keyboard-chromium/error-context.md]]
]]>
</system-out>
</testcase>
<testcase name="Keyboard Navigation Tests › 05 - Can activate buttons with Enter and Space" classname="accessibility/keyboard-navigation.spec.ts" time="10.844">
</testcase>
<testcase name="Keyboard Navigation Tests › 06 - Can close modals with Escape key" classname="accessibility/keyboard-navigation.spec.ts" time="32.632">
<failure message="keyboard-navigation.spec.ts:115:7 06 - Can close modals with Escape key" type="FAILURE">
<![CDATA[  [chromium] › accessibility/keyboard-navigation.spec.ts:115:7 › Keyboard Navigation Tests › 06 - Can close modals with Escape key 

    TimeoutError: page.waitForURL: Timeout 20000ms exceeded.
    =========================== logs ===========================
    waiting for navigation to "**/dashboard" until "load"
      navigated to "http://localhost:3000/login?callbackUrl=%2Fdashboard"
      navigated to "http://localhost:3000/login?callbackUrl=%2Fdashboard"
    ============================================================

      16 |   await page.fill('input[type="password"]', TEST_USER.password);
      17 |   await page.click('button[type="submit"]');
    > 18 |   await page.waitForURL('**/dashboard', { timeout: 20000 });
         |              ^
      19 | }
      20 |
      21 | test.describe('Keyboard Navigation Tests', () => {
        at login (/Users/asithalakmal/Documents/web/untitled folder/SmartStoreSaaS-Mono/tests/accessibility/keyboard-navigation.spec.ts:18:14)
        at /Users/asithalakmal/Documents/web/untitled folder/SmartStoreSaaS-Mono/tests/accessibility/keyboard-navigation.spec.ts:116:5

    attachment #1: screenshot (image/png) ──────────────────────────────────────────────────────────
    ../test-results/accessibility-keyboard-nav-94fc4-lose-modals-with-Escape-key-chromium/test-failed-1.png
    ────────────────────────────────────────────────────────────────────────────────────────────────

    attachment #2: video (video/webm) ──────────────────────────────────────────────────────────────
    ../test-results/accessibility-keyboard-nav-94fc4-lose-modals-with-Escape-key-chromium/video.webm
    ────────────────────────────────────────────────────────────────────────────────────────────────

    Error Context: ../test-results/accessibility-keyboard-nav-94fc4-lose-modals-with-Escape-key-chromium/error-context.md
]]>
</failure>
<system-out>
<![CDATA[
[[ATTACHMENT|accessibility-keyboard-nav-94fc4-lose-modals-with-Escape-key-chromium/test-failed-1.png]]

[[ATTACHMENT|accessibility-keyboard-nav-94fc4-lose-modals-with-Escape-key-chromium/video.webm]]

[[ATTACHMENT|accessibility-keyboard-nav-94fc4-lose-modals-with-Escape-key-chromium/error-context.md]]
]]>
</system-out>
</testcase>
<testcase name="Keyboard Navigation Tests › 07 - Focus trap works in modals" classname="accessibility/keyboard-navigation.spec.ts" time="29.473">
<failure message="keyboard-navigation.spec.ts:135:7 07 - Focus trap works in modals" type="FAILURE">
<![CDATA[  [chromium] › accessibility/keyboard-navigation.spec.ts:135:7 › Keyboard Navigation Tests › 07 - Focus trap works in modals 

    TimeoutError: page.waitForURL: Timeout 20000ms exceeded.
    =========================== logs ===========================
    waiting for navigation to "**/dashboard" until "load"
      navigated to "http://localhost:3000/login?callbackUrl=%2Fdashboard"
      navigated to "http://localhost:3000/login?callbackUrl=%2Fdashboard"
    ============================================================

      16 |   await page.fill('input[type="password"]', TEST_USER.password);
      17 |   await page.click('button[type="submit"]');
    > 18 |   await page.waitForURL('**/dashboard', { timeout: 20000 });
         |              ^
      19 | }
      20 |
      21 | test.describe('Keyboard Navigation Tests', () => {
        at login (/Users/asithalakmal/Documents/web/untitled folder/SmartStoreSaaS-Mono/tests/accessibility/keyboard-navigation.spec.ts:18:14)
        at /Users/asithalakmal/Documents/web/untitled folder/SmartStoreSaaS-Mono/tests/accessibility/keyboard-navigation.spec.ts:136:5

    attachment #1: screenshot (image/png) ──────────────────────────────────────────────────────────
    ../test-results/accessibility-keyboard-nav-58bed--Focus-trap-works-in-modals-chromium/test-failed-1.png
    ────────────────────────────────────────────────────────────────────────────────────────────────

    attachment #2: video (video/webm) ──────────────────────────────────────────────────────────────
    ../test-results/accessibility-keyboard-nav-58bed--Focus-trap-works-in-modals-chromium/video.webm
    ────────────────────────────────────────────────────────────────────────────────────────────────

    Error Context: ../test-results/accessibility-keyboard-nav-58bed--Focus-trap-works-in-modals-chromium/error-context.md
]]>
</failure>
<system-out>
<![CDATA[
[[ATTACHMENT|accessibility-keyboard-nav-58bed--Focus-trap-works-in-modals-chromium/test-failed-1.png]]

[[ATTACHMENT|accessibility-keyboard-nav-58bed--Focus-trap-works-in-modals-chromium/video.webm]]

[[ATTACHMENT|accessibility-keyboard-nav-58bed--Focus-trap-works-in-modals-chromium/error-context.md]]
]]>
</system-out>
</testcase>
<testcase name="Keyboard Navigation Tests › 08 - Can navigate data tables with arrow keys" classname="accessibility/keyboard-navigation.spec.ts" time="29.659">
<failure message="keyboard-navigation.spec.ts:147:7 08 - Can navigate data tables with arrow keys" type="FAILURE">
<![CDATA[  [chromium] › accessibility/keyboard-navigation.spec.ts:147:7 › Keyboard Navigation Tests › 08 - Can navigate data tables with arrow keys 

    TimeoutError: page.waitForURL: Timeout 20000ms exceeded.
    =========================== logs ===========================
    waiting for navigation to "**/dashboard" until "load"
      navigated to "http://localhost:3000/login?callbackUrl=%2Fdashboard"
      navigated to "http://localhost:3000/login?callbackUrl=%2Fdashboard"
    ============================================================

      16 |   await page.fill('input[type="password"]', TEST_USER.password);
      17 |   await page.click('button[type="submit"]');
    > 18 |   await page.waitForURL('**/dashboard', { timeout: 20000 });
         |              ^
      19 | }
      20 |
      21 | test.describe('Keyboard Navigation Tests', () => {
        at login (/Users/asithalakmal/Documents/web/untitled folder/SmartStoreSaaS-Mono/tests/accessibility/keyboard-navigation.spec.ts:18:14)
        at /Users/asithalakmal/Documents/web/untitled folder/SmartStoreSaaS-Mono/tests/accessibility/keyboard-navigation.spec.ts:148:5

    attachment #1: screenshot (image/png) ──────────────────────────────────────────────────────────
    ../test-results/accessibility-keyboard-nav-33b23-data-tables-with-arrow-keys-chromium/test-failed-1.png
    ────────────────────────────────────────────────────────────────────────────────────────────────

    attachment #2: video (video/webm) ──────────────────────────────────────────────────────────────
    ../test-results/accessibility-keyboard-nav-33b23-data-tables-with-arrow-keys-chromium/video.webm
    ────────────────────────────────────────────────────────────────────────────────────────────────

    Error Context: ../test-results/accessibility-keyboard-nav-33b23-data-tables-with-arrow-keys-chromium/error-context.md
]]>
</failure>
<system-out>
<![CDATA[
[[ATTACHMENT|accessibility-keyboard-nav-33b23-data-tables-with-arrow-keys-chromium/test-failed-1.png]]

[[ATTACHMENT|accessibility-keyboard-nav-33b23-data-tables-with-arrow-keys-chromium/video.webm]]

[[ATTACHMENT|accessibility-keyboard-nav-33b23-data-tables-with-arrow-keys-chromium/error-context.md]]
]]>
</system-out>
</testcase>
<testcase name="Keyboard Navigation Tests › 09 - Skip to main content link works" classname="accessibility/keyboard-navigation.spec.ts" time="34.435">
<failure message="keyboard-navigation.spec.ts:170:7 09 - Skip to main content link works" type="FAILURE">
<![CDATA[  [chromium] › accessibility/keyboard-navigation.spec.ts:170:7 › Keyboard Navigation Tests › 09 - Skip to main content link works 

    TimeoutError: page.waitForURL: Timeout 20000ms exceeded.
    =========================== logs ===========================
    waiting for navigation to "**/dashboard" until "load"
      navigated to "http://localhost:3000/login?callbackUrl=%2Fdashboard"
      navigated to "http://localhost:3000/login?callbackUrl=%2Fdashboard"
    ============================================================

      16 |   await page.fill('input[type="password"]', TEST_USER.password);
      17 |   await page.click('button[type="submit"]');
    > 18 |   await page.waitForURL('**/dashboard', { timeout: 20000 });
         |              ^
      19 | }
      20 |
      21 | test.describe('Keyboard Navigation Tests', () => {
        at login (/Users/asithalakmal/Documents/web/untitled folder/SmartStoreSaaS-Mono/tests/accessibility/keyboard-navigation.spec.ts:18:14)
        at /Users/asithalakmal/Documents/web/untitled folder/SmartStoreSaaS-Mono/tests/accessibility/keyboard-navigation.spec.ts:171:5

    attachment #1: screenshot (image/png) ──────────────────────────────────────────────────────────
    ../test-results/accessibility-keyboard-nav-3f1e0--to-main-content-link-works-chromium/test-failed-1.png
    ────────────────────────────────────────────────────────────────────────────────────────────────

    attachment #2: video (video/webm) ──────────────────────────────────────────────────────────────
    ../test-results/accessibility-keyboard-nav-3f1e0--to-main-content-link-works-chromium/video.webm
    ────────────────────────────────────────────────────────────────────────────────────────────────

    Error Context: ../test-results/accessibility-keyboard-nav-3f1e0--to-main-content-link-works-chromium/error-context.md
]]>
</failure>
<system-out>
<![CDATA[
[[ATTACHMENT|accessibility-keyboard-nav-3f1e0--to-main-content-link-works-chromium/test-failed-1.png]]

[[ATTACHMENT|accessibility-keyboard-nav-3f1e0--to-main-content-link-works-chromium/video.webm]]

[[ATTACHMENT|accessibility-keyboard-nav-3f1e0--to-main-content-link-works-chromium/error-context.md]]
]]>
</system-out>
</testcase>
<testcase name="Keyboard Navigation Tests › 10 - Dropdown menus are keyboard accessible" classname="accessibility/keyboard-navigation.spec.ts" time="35.227">
<failure message="keyboard-navigation.spec.ts:194:7 10 - Dropdown menus are keyboard accessible" type="FAILURE">
<![CDATA[  [chromium] › accessibility/keyboard-navigation.spec.ts:194:7 › Keyboard Navigation Tests › 10 - Dropdown menus are keyboard accessible 

    TimeoutError: page.waitForURL: Timeout 20000ms exceeded.
    =========================== logs ===========================
    waiting for navigation to "**/dashboard" until "load"
      navigated to "http://localhost:3000/login?callbackUrl=%2Fdashboard"
      navigated to "http://localhost:3000/login?callbackUrl=%2Fdashboard"
    ============================================================

      16 |   await page.fill('input[type="password"]', TEST_USER.password);
      17 |   await page.click('button[type="submit"]');
    > 18 |   await page.waitForURL('**/dashboard', { timeout: 20000 });
         |              ^
      19 | }
      20 |
      21 | test.describe('Keyboard Navigation Tests', () => {
        at login (/Users/asithalakmal/Documents/web/untitled folder/SmartStoreSaaS-Mono/tests/accessibility/keyboard-navigation.spec.ts:18:14)
        at /Users/asithalakmal/Documents/web/untitled folder/SmartStoreSaaS-Mono/tests/accessibility/keyboard-navigation.spec.ts:195:5

    attachment #1: screenshot (image/png) ──────────────────────────────────────────────────────────
    ../test-results/accessibility-keyboard-nav-2ba25-nus-are-keyboard-accessible-chromium/test-failed-1.png
    ────────────────────────────────────────────────────────────────────────────────────────────────

    attachment #2: video (video/webm) ──────────────────────────────────────────────────────────────
    ../test-results/accessibility-keyboard-nav-2ba25-nus-are-keyboard-accessible-chromium/video.webm
    ────────────────────────────────────────────────────────────────────────────────────────────────

    Error Context: ../test-results/accessibility-keyboard-nav-2ba25-nus-are-keyboard-accessible-chromium/error-context.md
]]>
</failure>
<system-out>
<![CDATA[
[[ATTACHMENT|accessibility-keyboard-nav-2ba25-nus-are-keyboard-accessible-chromium/test-failed-1.png]]

[[ATTACHMENT|accessibility-keyboard-nav-2ba25-nus-are-keyboard-accessible-chromium/video.webm]]

[[ATTACHMENT|accessibility-keyboard-nav-2ba25-nus-are-keyboard-accessible-chromium/error-context.md]]
]]>
</system-out>
</testcase>
<testcase name="Keyboard Navigation Tests › 11 - Form validation errors are keyboard accessible" classname="accessibility/keyboard-navigation.spec.ts" time="6.717">
</testcase>
<testcase name="Keyboard Navigation Tests › 12 - All interactive elements are reachable by Tab" classname="accessibility/keyboard-navigation.spec.ts" time="19.736">
<failure message="keyboard-navigation.spec.ts:234:7 12 - All interactive elements are reachable by Tab" type="FAILURE">
<![CDATA[  [chromium] › accessibility/keyboard-navigation.spec.ts:234:7 › Keyboard Navigation Tests › 12 - All interactive elements are reachable by Tab 

    Error: expect(received).toBeGreaterThan(expected)

    Expected: > 3
    Received:   3

      251 |     
      252 |     // Should have found multiple interactive elements
    > 253 |     expect(focusableElements.length).toBeGreaterThan(3);
          |                                      ^
      254 |   });
      255 | });
      256 |
        at /Users/asithalakmal/Documents/web/untitled folder/SmartStoreSaaS-Mono/tests/accessibility/keyboard-navigation.spec.ts:253:38

    attachment #1: screenshot (image/png) ──────────────────────────────────────────────────────────
    ../test-results/accessibility-keyboard-nav-fbb77-ements-are-reachable-by-Tab-chromium/test-failed-1.png
    ────────────────────────────────────────────────────────────────────────────────────────────────

    attachment #2: video (video/webm) ──────────────────────────────────────────────────────────────
    ../test-results/accessibility-keyboard-nav-fbb77-ements-are-reachable-by-Tab-chromium/video.webm
    ────────────────────────────────────────────────────────────────────────────────────────────────

    Error Context: ../test-results/accessibility-keyboard-nav-fbb77-ements-are-reachable-by-Tab-chromium/error-context.md
]]>
</failure>
<system-out>
<![CDATA[
[[ATTACHMENT|accessibility-keyboard-nav-fbb77-ements-are-reachable-by-Tab-chromium/test-failed-1.png]]

[[ATTACHMENT|accessibility-keyboard-nav-fbb77-ements-are-reachable-by-Tab-chromium/video.webm]]

[[ATTACHMENT|accessibility-keyboard-nav-fbb77-ements-are-reachable-by-Tab-chromium/error-context.md]]
]]>
</system-out>
</testcase>
</testsuite>
<testsuite name="accessibility/wcag-compliance.spec.ts" timestamp="2025-10-18T13:45:22.039Z" hostname="chromium" tests="12" failures="8" skipped="0" time="303.252" errors="0">
<testcase name="Accessibility Tests - WCAG 2.1 AA › 01 - Login page meets WCAG standards" classname="accessibility/wcag-compliance.spec.ts" time="12.987">
<failure message="wcag-compliance.spec.ts:25:7 01 - Login page meets WCAG standards" type="FAILURE">
<![CDATA[  [chromium] › accessibility/wcag-compliance.spec.ts:25:7 › Accessibility Tests - WCAG 2.1 AA › 01 - Login page meets WCAG standards 

    Error: expect(received).toHaveLength(expected)

    Expected length: 0
    Received length: 1
    Received array:  [{"description": "Ensure the contrast between foreground and background colors meets WCAG 2 AA minimum contrast ratio thresholds", "help": "Elements must meet minimum color contrast ratio thresholds", "helpUrl": "https://dequeuniversity.com/rules/axe/4.10/color-contrast?application=playwright", "id": "color-contrast", "impact": "serious", "nodes": [{"all": [], "any": [{"data": {"bgColor": "#fef2f2", "contrastRatio": 4.41, "expectedContrastRatio": "4.5:1", "fgColor": "#6b7280", "fontSize": "9.0pt (12px)", "fontWeight": "normal", "messageKey": null}, "id": "color-contrast", "impact": "serious", "message": "Element has insufficient color contrast of 4.41 (foreground color: #6b7280, background color: #fef2f2, font size: 9.0pt (12px), font weight: normal). Expected contrast ratio of 4.5:1", "relatedNodes": [{"html": "<button type=\"button\" class=\"w-full text-left p-3 rounded-lg bg-red-50 dark:bg-red-900/20 border border-red-200 dark:border-red-800 hover:bg-red-100 dark:hover:bg-red-900/30 transition-colors\">", "target": [".bg-red-50"]}]}], "failureSummary": "Fix any of the following:
      Element has insufficient color contrast of 4.41 (foreground color: #6b7280, background color: #fef2f2, font size: 9.0pt (12px), font weight: normal). Expected contrast ratio of 4.5:1", "html": "<p class=\"text-xs text-gray-500 dark:text-gray-500 mt-1\">✓ All 72 pages • System admin • Multi-tenant management</p>", "impact": "serious", "none": [], "target": [".bg-red-50 > .items-start.justify-between.flex > .flex-1 > .dark\\:text-gray-500.text-gray-500.mt-1"]}, {"all": [], "any": [{"data": {"bgColor": "#eff6ff", "contrastRatio": 4.44, "expectedContrastRatio": "4.5:1", "fgColor": "#6b7280", "fontSize": "9.0pt (12px)", "fontWeight": "normal", "messageKey": null}, "id": "color-contrast", "impact": "serious", "message": "Element has insufficient color contrast of 4.44 (foreground color: #6b7280, background color: #eff6ff, font size: 9.0pt (12px), font weight: normal). Expected contrast ratio of 4.5:1", "relatedNodes": [{"html": "<button type=\"button\" class=\"w-full text-left p-3 rounded-lg bg-blue-50 dark:bg-blue-900/20 border border-blue-200 dark:border-blue-800 hover:bg-blue-100 dark:hover:bg-blue-900/30 transition-colors\">", "target": [".bg-blue-50"]}]}], "failureSummary": "Fix any of the following:
      Element has insufficient color contrast of 4.44 (foreground color: #6b7280, background color: #eff6ff, font size: 9.0pt (12px), font weight: normal). Expected contrast ratio of 4.5:1", "html": "<p class=\"text-xs text-gray-500 dark:text-gray-500 mt-1\">✓ 63 pages • All business ops • User management • Integrations</p>", "impact": "serious", "none": [], "target": [".bg-blue-50 > .items-start.justify-between.flex > .flex-1 > .dark\\:text-gray-500.text-gray-500.mt-1"]}, {"all": [], "any": [{"data": {"bgColor": "#16a34a", "contrastRatio": 3.29, "expectedContrastRatio": "4.5:1", "fgColor": "#ffffff", "fontSize": "9.0pt (12px)", "fontWeight": "bold", "messageKey": null}, "id": "color-contrast", "impact": "serious", "message": "Element has insufficient color contrast of 3.29 (foreground color: #ffffff, background color: #16a34a, font size: 9.0pt (12px), font weight: bold). Expected contrast ratio of 4.5:1", "relatedNodes": [{"html": "<span class=\"text-xs font-bold px-2 py-0.5 rounded bg-green-600 text-white\">STAFF</span>", "target": [".bg-green-600"]}]}], "failureSummary": "Fix any of the following:
      Element has insufficient color contrast of 3.29 (foreground color: #ffffff, background color: #16a34a, font size: 9.0pt (12px), font weight: bold). Expected contrast ratio of 4.5:1", "html": "<span class=\"text-xs font-bold px-2 py-0.5 rounded bg-green-600 text-white\">STAFF</span>", "impact": "serious", "none": [], "target": [".bg-green-600"]}], "tags": ["cat.color", "wcag2aa", "wcag143", "TTv5", "TT13.c", "EN-301-549", "EN-9.1.4.3", "ACT"]}]

      47 |     );
      48 |     
    > 49 |     expect(criticalViolations).toHaveLength(0);
         |                                ^
      50 |   });
      51 |
      52 |   test('02 - Dashboard has proper ARIA labels', async ({ page }) => {
        at /Users/asithalakmal/Documents/web/untitled folder/SmartStoreSaaS-Mono/tests/accessibility/wcag-compliance.spec.ts:49:32

    attachment #1: screenshot (image/png) ──────────────────────────────────────────────────────────
    ../test-results/accessibility-wcag-complia-e6da2-n-page-meets-WCAG-standards-chromium/test-failed-1.png
    ────────────────────────────────────────────────────────────────────────────────────────────────

    attachment #2: video (video/webm) ──────────────────────────────────────────────────────────────
    ../test-results/accessibility-wcag-complia-e6da2-n-page-meets-WCAG-standards-chromium/video-1.webm
    ────────────────────────────────────────────────────────────────────────────────────────────────

    attachment #3: video (video/webm) ──────────────────────────────────────────────────────────────
    ../test-results/accessibility-wcag-complia-e6da2-n-page-meets-WCAG-standards-chromium/video.webm
    ────────────────────────────────────────────────────────────────────────────────────────────────

    Error Context: ../test-results/accessibility-wcag-complia-e6da2-n-page-meets-WCAG-standards-chromium/error-context.md
]]>
</failure>
<system-out>
<![CDATA[Accessibility violations found:
- color-contrast: Ensure the contrast between foreground and background colors meets WCAG 2 AA minimum contrast ratio thresholds
  Impact: serious
  Help: https://dequeuniversity.com/rules/axe/4.10/color-contrast?application=playwright

[[ATTACHMENT|accessibility-wcag-complia-e6da2-n-page-meets-WCAG-standards-chromium/test-failed-1.png]]

[[ATTACHMENT|accessibility-wcag-complia-e6da2-n-page-meets-WCAG-standards-chromium/video-1.webm]]

[[ATTACHMENT|accessibility-wcag-complia-e6da2-n-page-meets-WCAG-standards-chromium/video.webm]]

[[ATTACHMENT|accessibility-wcag-complia-e6da2-n-page-meets-WCAG-standards-chromium/error-context.md]]
]]>
</system-out>
<system-err>
<![CDATA[(node:85084) Warning: The 'NO_COLOR' env is ignored due to the 'FORCE_COLOR' env being set.
(Use `node --trace-warnings ...` to show where the warning was created)
]]>
</system-err>
</testcase>
<testcase name="Accessibility Tests - WCAG 2.1 AA › 02 - Dashboard has proper ARIA labels" classname="accessibility/wcag-compliance.spec.ts" time="36.231">
<failure message="wcag-compliance.spec.ts:52:7 02 - Dashboard has proper ARIA labels" type="FAILURE">
<![CDATA[  [chromium] › accessibility/wcag-compliance.spec.ts:52:7 › Accessibility Tests - WCAG 2.1 AA › 02 - Dashboard has proper ARIA labels 

    TimeoutError: page.waitForURL: Timeout 20000ms exceeded.
    =========================== logs ===========================
    waiting for navigation to "**/dashboard" until "load"
      navigated to "http://localhost:3000/login?callbackUrl=%2Fdashboard"
      navigated to "http://localhost:3000/login?callbackUrl=%2Fdashboard"
    ============================================================

      18 |   await page.fill('input[type="password"]', TEST_USER.password);
      19 |   await page.click('button[type="submit"]');
    > 20 |   await page.waitForURL('**/dashboard', { timeout: 20000 });
         |              ^
      21 | }
      22 |
      23 | test.describe('Accessibility Tests - WCAG 2.1 AA', () => {
        at login (/Users/asithalakmal/Documents/web/untitled folder/SmartStoreSaaS-Mono/tests/accessibility/wcag-compliance.spec.ts:20:14)
        at /Users/asithalakmal/Documents/web/untitled folder/SmartStoreSaaS-Mono/tests/accessibility/wcag-compliance.spec.ts:53:5

    attachment #1: screenshot (image/png) ──────────────────────────────────────────────────────────
    ../test-results/accessibility-wcag-complia-93921-oard-has-proper-ARIA-labels-chromium/test-failed-1.png
    ────────────────────────────────────────────────────────────────────────────────────────────────

    attachment #2: video (video/webm) ──────────────────────────────────────────────────────────────
    ../test-results/accessibility-wcag-complia-93921-oard-has-proper-ARIA-labels-chromium/video.webm
    ────────────────────────────────────────────────────────────────────────────────────────────────

    Error Context: ../test-results/accessibility-wcag-complia-93921-oard-has-proper-ARIA-labels-chromium/error-context.md
]]>
</failure>
<system-out>
<![CDATA[
[[ATTACHMENT|accessibility-wcag-complia-93921-oard-has-proper-ARIA-labels-chromium/test-failed-1.png]]

[[ATTACHMENT|accessibility-wcag-complia-93921-oard-has-proper-ARIA-labels-chromium/video.webm]]

[[ATTACHMENT|accessibility-wcag-complia-93921-oard-has-proper-ARIA-labels-chromium/error-context.md]]
]]>
</system-out>
</testcase>
<testcase name="Accessibility Tests - WCAG 2.1 AA › 03 - Forms have proper labels and descriptions" classname="accessibility/wcag-compliance.spec.ts" time="8.954">
</testcase>
<testcase name="Accessibility Tests - WCAG 2.1 AA › 04 - Color contrast meets WCAG AA standards" classname="accessibility/wcag-compliance.spec.ts" time="26.461">
<failure message="wcag-compliance.spec.ts:97:7 04 - Color contrast meets WCAG AA standards" type="FAILURE">
<![CDATA[  [chromium] › accessibility/wcag-compliance.spec.ts:97:7 › Accessibility Tests - WCAG 2.1 AA › 04 - Color contrast meets WCAG AA standards 

    Error: frame.evaluate: Error: No elements found for include in page Context
        at validateContext (eval at evaluate (:291:30), <anonymous>:18811:15)
        at new Context (eval at evaluate (:291:30), <anonymous>:18792:7)
        at Object._getFrameContexts (eval at evaluate (:291:30), <anonymous>:18833:22)
        at eval (eval at evaluate (:291:30), <anonymous>:4:27)
        at UtilityScript.evaluate (<anonymous>:293:16)
        at UtilityScript.<anonymous> (<anonymous>:1:44)
        at validateContext (eval at evaluate (:291:30), <anonymous>:18811:15)
        at Context (eval at evaluate (:291:30), <anonymous>:18792:7)
        at Object._getFrameContexts (eval at evaluate (:291:30), <anonymous>:18833:22)
        at eval (eval at evaluate (:291:30), <anonymous>:4:27)
        at UtilityScript.evaluate (<anonymous>:293:16)
        at UtilityScript.<anonymous> (<anonymous>:1:44)
        at AxeBuilder.runPartialRecursive (/Users/asithalakmal/Documents/web/untitled folder/SmartStoreSaaS-Mono/node_modules/@axe-core/playwright/dist/index.js:315:39)
        at AxeBuilder.analyze (/Users/asithalakmal/Documents/web/untitled folder/SmartStoreSaaS-Mono/node_modules/@axe-core/playwright/dist/index.js:245:39)
        at /Users/asithalakmal/Documents/web/untitled folder/SmartStoreSaaS-Mono/tests/accessibility/wcag-compliance.spec.ts:100:38

    attachment #1: screenshot (image/png) ──────────────────────────────────────────────────────────
    ../test-results/accessibility-wcag-complia-1aaf7-ast-meets-WCAG-AA-standards-chromium/test-failed-1.png
    ────────────────────────────────────────────────────────────────────────────────────────────────

    attachment #2: video (video/webm) ──────────────────────────────────────────────────────────────
    ../test-results/accessibility-wcag-complia-1aaf7-ast-meets-WCAG-AA-standards-chromium/video.webm
    ────────────────────────────────────────────────────────────────────────────────────────────────

    Error Context: ../test-results/accessibility-wcag-complia-1aaf7-ast-meets-WCAG-AA-standards-chromium/error-context.md
]]>
</failure>
<system-out>
<![CDATA[
[[ATTACHMENT|accessibility-wcag-complia-1aaf7-ast-meets-WCAG-AA-standards-chromium/test-failed-1.png]]

[[ATTACHMENT|accessibility-wcag-complia-1aaf7-ast-meets-WCAG-AA-standards-chromium/video.webm]]

[[ATTACHMENT|accessibility-wcag-complia-1aaf7-ast-meets-WCAG-AA-standards-chromium/error-context.md]]
]]>
</system-out>
</testcase>
<testcase name="Accessibility Tests - WCAG 2.1 AA › 05 - Images have alt text" classname="accessibility/wcag-compliance.spec.ts" time="41.699">
</testcase>
<testcase name="Accessibility Tests - WCAG 2.1 AA › 06 - Headings follow proper hierarchy" classname="accessibility/wcag-compliance.spec.ts" time="33.076">
<failure message="wcag-compliance.spec.ts:146:7 06 - Headings follow proper hierarchy" type="FAILURE">
<![CDATA[  [chromium] › accessibility/wcag-compliance.spec.ts:146:7 › Accessibility Tests - WCAG 2.1 AA › 06 - Headings follow proper hierarchy 

    TimeoutError: page.waitForURL: Timeout 20000ms exceeded.
    =========================== logs ===========================
    waiting for navigation to "**/dashboard" until "load"
    ============================================================

      18 |   await page.fill('input[type="password"]', TEST_USER.password);
      19 |   await page.click('button[type="submit"]');
    > 20 |   await page.waitForURL('**/dashboard', { timeout: 20000 });
         |              ^
      21 | }
      22 |
      23 | test.describe('Accessibility Tests - WCAG 2.1 AA', () => {
        at login (/Users/asithalakmal/Documents/web/untitled folder/SmartStoreSaaS-Mono/tests/accessibility/wcag-compliance.spec.ts:20:14)
        at /Users/asithalakmal/Documents/web/untitled folder/SmartStoreSaaS-Mono/tests/accessibility/wcag-compliance.spec.ts:147:5

    attachment #1: screenshot (image/png) ──────────────────────────────────────────────────────────
    ../test-results/accessibility-wcag-complia-a1080-ngs-follow-proper-hierarchy-chromium/test-failed-1.png
    ────────────────────────────────────────────────────────────────────────────────────────────────

    attachment #2: video (video/webm) ──────────────────────────────────────────────────────────────
    ../test-results/accessibility-wcag-complia-a1080-ngs-follow-proper-hierarchy-chromium/video.webm
    ────────────────────────────────────────────────────────────────────────────────────────────────

    Error Context: ../test-results/accessibility-wcag-complia-a1080-ngs-follow-proper-hierarchy-chromium/error-context.md
]]>
</failure>
<system-out>
<![CDATA[
[[ATTACHMENT|accessibility-wcag-complia-a1080-ngs-follow-proper-hierarchy-chromium/test-failed-1.png]]

[[ATTACHMENT|accessibility-wcag-complia-a1080-ngs-follow-proper-hierarchy-chromium/video.webm]]

[[ATTACHMENT|accessibility-wcag-complia-a1080-ngs-follow-proper-hierarchy-chromium/error-context.md]]
]]>
</system-out>
</testcase>
<testcase name="Accessibility Tests - WCAG 2.1 AA › 07 - Interactive elements are keyboard accessible" classname="accessibility/wcag-compliance.spec.ts" time="9.671">
</testcase>
<testcase name="Accessibility Tests - WCAG 2.1 AA › 08 - Skip links are available for navigation" classname="accessibility/wcag-compliance.spec.ts" time="32.475">
<failure message="wcag-compliance.spec.ts:179:7 08 - Skip links are available for navigation" type="FAILURE">
<![CDATA[  [chromium] › accessibility/wcag-compliance.spec.ts:179:7 › Accessibility Tests - WCAG 2.1 AA › 08 - Skip links are available for navigation 

    TimeoutError: page.waitForURL: Timeout 20000ms exceeded.
    =========================== logs ===========================
    waiting for navigation to "**/dashboard" until "load"
      navigated to "http://localhost:3000/login?callbackUrl=%2Fdashboard"
      navigated to "http://localhost:3000/login?callbackUrl=%2Fdashboard"
    ============================================================

      18 |   await page.fill('input[type="password"]', TEST_USER.password);
      19 |   await page.click('button[type="submit"]');
    > 20 |   await page.waitForURL('**/dashboard', { timeout: 20000 });
         |              ^
      21 | }
      22 |
      23 | test.describe('Accessibility Tests - WCAG 2.1 AA', () => {
        at login (/Users/asithalakmal/Documents/web/untitled folder/SmartStoreSaaS-Mono/tests/accessibility/wcag-compliance.spec.ts:20:14)
        at /Users/asithalakmal/Documents/web/untitled folder/SmartStoreSaaS-Mono/tests/accessibility/wcag-compliance.spec.ts:180:5

    attachment #1: screenshot (image/png) ──────────────────────────────────────────────────────────
    ../test-results/accessibility-wcag-complia-c3f54-re-available-for-navigation-chromium/test-failed-1.png
    ────────────────────────────────────────────────────────────────────────────────────────────────

    attachment #2: video (video/webm) ──────────────────────────────────────────────────────────────
    ../test-results/accessibility-wcag-complia-c3f54-re-available-for-navigation-chromium/video.webm
    ────────────────────────────────────────────────────────────────────────────────────────────────

    Error Context: ../test-results/accessibility-wcag-complia-c3f54-re-available-for-navigation-chromium/error-context.md
]]>
</failure>
<system-out>
<![CDATA[
[[ATTACHMENT|accessibility-wcag-complia-c3f54-re-available-for-navigation-chromium/test-failed-1.png]]

[[ATTACHMENT|accessibility-wcag-complia-c3f54-re-available-for-navigation-chromium/video.webm]]

[[ATTACHMENT|accessibility-wcag-complia-c3f54-re-available-for-navigation-chromium/error-context.md]]
]]>
</system-out>
</testcase>
<testcase name="Accessibility Tests - WCAG 2.1 AA › 09 - Focus indicators are visible" classname="accessibility/wcag-compliance.spec.ts" time="6.648">
</testcase>
<testcase name="Accessibility Tests - WCAG 2.1 AA › 10 - No automatic redirects or timeouts" classname="accessibility/wcag-compliance.spec.ts" time="31.064">
<failure message="wcag-compliance.spec.ts:220:7 10 - No automatic redirects or timeouts" type="FAILURE">
<![CDATA[  [chromium] › accessibility/wcag-compliance.spec.ts:220:7 › Accessibility Tests - WCAG 2.1 AA › 10 - No automatic redirects or timeouts 

    TimeoutError: page.waitForURL: Timeout 20000ms exceeded.
    =========================== logs ===========================
    waiting for navigation to "**/dashboard" until "load"
      navigated to "http://localhost:3000/login?callbackUrl=%2Fdashboard"
      navigated to "http://localhost:3000/login?callbackUrl=%2Fdashboard"
    ============================================================

      18 |   await page.fill('input[type="password"]', TEST_USER.password);
      19 |   await page.click('button[type="submit"]');
    > 20 |   await page.waitForURL('**/dashboard', { timeout: 20000 });
         |              ^
      21 | }
      22 |
      23 | test.describe('Accessibility Tests - WCAG 2.1 AA', () => {
        at login (/Users/asithalakmal/Documents/web/untitled folder/SmartStoreSaaS-Mono/tests/accessibility/wcag-compliance.spec.ts:20:14)
        at /Users/asithalakmal/Documents/web/untitled folder/SmartStoreSaaS-Mono/tests/accessibility/wcag-compliance.spec.ts:221:5

    attachment #1: screenshot (image/png) ──────────────────────────────────────────────────────────
    ../test-results/accessibility-wcag-complia-03e97-matic-redirects-or-timeouts-chromium/test-failed-1.png
    ────────────────────────────────────────────────────────────────────────────────────────────────

    attachment #2: video (video/webm) ──────────────────────────────────────────────────────────────
    ../test-results/accessibility-wcag-complia-03e97-matic-redirects-or-timeouts-chromium/video.webm
    ────────────────────────────────────────────────────────────────────────────────────────────────

    Error Context: ../test-results/accessibility-wcag-complia-03e97-matic-redirects-or-timeouts-chromium/error-context.md
]]>
</failure>
<system-out>
<![CDATA[
[[ATTACHMENT|accessibility-wcag-complia-03e97-matic-redirects-or-timeouts-chromium/test-failed-1.png]]

[[ATTACHMENT|accessibility-wcag-complia-03e97-matic-redirects-or-timeouts-chromium/video.webm]]

[[ATTACHMENT|accessibility-wcag-complia-03e97-matic-redirects-or-timeouts-chromium/error-context.md]]
]]>
</system-out>
</testcase>
<testcase name="Accessibility Tests - WCAG 2.1 AA › 11 - Tables have proper headers" classname="accessibility/wcag-compliance.spec.ts" time="30.18">
<failure message="wcag-compliance.spec.ts:235:7 11 - Tables have proper headers" type="FAILURE">
<![CDATA[  [chromium] › accessibility/wcag-compliance.spec.ts:235:7 › Accessibility Tests - WCAG 2.1 AA › 11 - Tables have proper headers 

    TimeoutError: page.waitForURL: Timeout 20000ms exceeded.
    =========================== logs ===========================
    waiting for navigation to "**/dashboard" until "load"
      navigated to "http://localhost:3000/login?callbackUrl=%2Fdashboard"
      navigated to "http://localhost:3000/login?callbackUrl=%2Fdashboard"
    ============================================================

      18 |   await page.fill('input[type="password"]', TEST_USER.password);
      19 |   await page.click('button[type="submit"]');
    > 20 |   await page.waitForURL('**/dashboard', { timeout: 20000 });
         |              ^
      21 | }
      22 |
      23 | test.describe('Accessibility Tests - WCAG 2.1 AA', () => {
        at login (/Users/asithalakmal/Documents/web/untitled folder/SmartStoreSaaS-Mono/tests/accessibility/wcag-compliance.spec.ts:20:14)
        at /Users/asithalakmal/Documents/web/untitled folder/SmartStoreSaaS-Mono/tests/accessibility/wcag-compliance.spec.ts:236:5

    attachment #1: screenshot (image/png) ──────────────────────────────────────────────────────────
    ../test-results/accessibility-wcag-complia-0e274--Tables-have-proper-headers-chromium/test-failed-1.png
    ────────────────────────────────────────────────────────────────────────────────────────────────

    attachment #2: video (video/webm) ──────────────────────────────────────────────────────────────
    ../test-results/accessibility-wcag-complia-0e274--Tables-have-proper-headers-chromium/video.webm
    ────────────────────────────────────────────────────────────────────────────────────────────────

    Error Context: ../test-results/accessibility-wcag-complia-0e274--Tables-have-proper-headers-chromium/error-context.md
]]>
</failure>
<system-out>
<![CDATA[
[[ATTACHMENT|accessibility-wcag-complia-0e274--Tables-have-proper-headers-chromium/test-failed-1.png]]

[[ATTACHMENT|accessibility-wcag-complia-0e274--Tables-have-proper-headers-chromium/video.webm]]

[[ATTACHMENT|accessibility-wcag-complia-0e274--Tables-have-proper-headers-chromium/error-context.md]]
]]>
</system-out>
</testcase>
<testcase name="Accessibility Tests - WCAG 2.1 AA › 12 - Modal dialogs are accessible" classname="accessibility/wcag-compliance.spec.ts" time="33.806">
<failure message="wcag-compliance.spec.ts:257:7 12 - Modal dialogs are accessible" type="FAILURE">
<![CDATA[  [chromium] › accessibility/wcag-compliance.spec.ts:257:7 › Accessibility Tests - WCAG 2.1 AA › 12 - Modal dialogs are accessible 

    TimeoutError: page.waitForURL: Timeout 20000ms exceeded.
    =========================== logs ===========================
    waiting for navigation to "**/dashboard" until "load"
      navigated to "http://localhost:3000/login?callbackUrl=%2Fdashboard"
      navigated to "http://localhost:3000/login?callbackUrl=%2Fdashboard"
    ============================================================

      18 |   await page.fill('input[type="password"]', TEST_USER.password);
      19 |   await page.click('button[type="submit"]');
    > 20 |   await page.waitForURL('**/dashboard', { timeout: 20000 });
         |              ^
      21 | }
      22 |
      23 | test.describe('Accessibility Tests - WCAG 2.1 AA', () => {
        at login (/Users/asithalakmal/Documents/web/untitled folder/SmartStoreSaaS-Mono/tests/accessibility/wcag-compliance.spec.ts:20:14)
        at /Users/asithalakmal/Documents/web/untitled folder/SmartStoreSaaS-Mono/tests/accessibility/wcag-compliance.spec.ts:258:5

    attachment #1: screenshot (image/png) ──────────────────────────────────────────────────────────
    ../test-results/accessibility-wcag-complia-0192e-odal-dialogs-are-accessible-chromium/test-failed-1.png
    ────────────────────────────────────────────────────────────────────────────────────────────────

    attachment #2: video (video/webm) ──────────────────────────────────────────────────────────────
    ../test-results/accessibility-wcag-complia-0192e-odal-dialogs-are-accessible-chromium/video.webm
    ────────────────────────────────────────────────────────────────────────────────────────────────

    Error Context: ../test-results/accessibility-wcag-complia-0192e-odal-dialogs-are-accessible-chromium/error-context.md
]]>
</failure>
<system-out>
<![CDATA[
[[ATTACHMENT|accessibility-wcag-complia-0192e-odal-dialogs-are-accessible-chromium/test-failed-1.png]]

[[ATTACHMENT|accessibility-wcag-complia-0192e-odal-dialogs-are-accessible-chromium/video.webm]]

[[ATTACHMENT|accessibility-wcag-complia-0192e-odal-dialogs-are-accessible-chromium/error-context.md]]
]]>
</system-out>
</testcase>
</testsuite>
<testsuite name="comprehensive-site-test.spec.ts" timestamp="2025-10-18T13:45:22.039Z" hostname="chromium" tests="7" failures="4" skipped="0" time="273.915" errors="0">
<testcase name="Comprehensive Site Testing › Test Home Page and Navigation" classname="comprehensive-site-test.spec.ts" time="11.778">
<system-out>
<![CDATA[
🏠 Testing Home Page...
Page Title: Login - SmartStore SaaS

🔍 Testing all buttons on Home Page...
Found 5 buttons and 0 links
Button 1: "Sign In" - Visible: true, Enabled: true
Button 2: "SUPER ADMINFull System Accesssuperadmin@smartstore.com / SuperAdmin123!✓ All 72 pages • System admin • Multi-tenant management" - Visible: true, Enabled: true
Button 3: "TENANT ADMINFull Organization Accessadmin@demo.com / Admin123!✓ 63 pages • All business ops • User management • Integrations" - Visible: true, Enabled: true
Button 4: "STAFFLimited Operationssales@demo.com / Sales123!✓ 15-30 pages • Role-based access • Orders & Products" - Visible: true, Enabled: true
Button 5: "CUSTOMERCustomer Portalcustomer@demo.com / Customer123!✓ 6 pages • My orders • Profile • Shop • Support" - Visible: true, Enabled: true
]]>
</system-out>
<system-err>
<![CDATA[(node:90361) Warning: The 'NO_COLOR' env is ignored due to the 'FORCE_COLOR' env being set.
(Use `node --trace-warnings ...` to show where the warning was created)
]]>
</system-err>
</testcase>
<testcase name="Comprehensive Site Testing › Test Login Page and All User Roles" classname="comprehensive-site-test.spec.ts" time="5.832">
<failure message="comprehensive-site-test.spec.ts:132:7 Test Login Page and All User Roles" type="FAILURE">
<![CDATA[  [chromium] › comprehensive-site-test.spec.ts:132:7 › Comprehensive Site Testing › Test Login Page and All User Roles 

    Error: expect(received).toBeTruthy()

    Received: false

      141 |     const submitButton = page.locator('button[type="submit"]');
      142 |     
    > 143 |     expect(await emailInput.isVisible()).toBeTruthy();
          |                                          ^
      144 |     expect(await passwordInput.isVisible()).toBeTruthy();
      145 |     expect(await submitButton.isVisible()).toBeTruthy();
      146 |     
        at /Users/asithalakmal/Documents/web/untitled folder/SmartStoreSaaS-Mono/tests/comprehensive-site-test.spec.ts:143:42

    attachment #1: screenshot (image/png) ──────────────────────────────────────────────────────────
    ../test-results/comprehensive-site-test-Co-84031-gin-Page-and-All-User-Roles-chromium/test-failed-1.png
    ────────────────────────────────────────────────────────────────────────────────────────────────

    attachment #2: video (video/webm) ──────────────────────────────────────────────────────────────
    ../test-results/comprehensive-site-test-Co-84031-gin-Page-and-All-User-Roles-chromium/video.webm
    ────────────────────────────────────────────────────────────────────────────────────────────────

    Error Context: ../test-results/comprehensive-site-test-Co-84031-gin-Page-and-All-User-Roles-chromium/error-context.md
]]>
</failure>
<system-out>
<![CDATA[
🔐 Testing Login Page...

✅ Comprehensive site testing completed!
Check the console output above for detailed results.

[[ATTACHMENT|comprehensive-site-test-Co-84031-gin-Page-and-All-User-Roles-chromium/test-failed-1.png]]

[[ATTACHMENT|comprehensive-site-test-Co-84031-gin-Page-and-All-User-Roles-chromium/video.webm]]

[[ATTACHMENT|comprehensive-site-test-Co-84031-gin-Page-and-All-User-Roles-chromium/error-context.md]]
]]>
</system-out>
</testcase>
<testcase name="Comprehensive Site Testing › Test All Public Pages" classname="comprehensive-site-test.spec.ts" time="132.31">
<failure message="comprehensive-site-test.spec.ts:205:7 Test All Public Pages" type="FAILURE">
<![CDATA[  [chromium] › comprehensive-site-test.spec.ts:205:7 › Comprehensive Site Testing › Test All Public Pages 

    Test timeout of 120000ms exceeded.

    attachment #1: screenshot (image/png) ──────────────────────────────────────────────────────────
    ../test-results/comprehensive-site-test-Co-e9d15-sting-Test-All-Public-Pages-chromium/test-failed-1.png
    ────────────────────────────────────────────────────────────────────────────────────────────────

    attachment #2: video (video/webm) ──────────────────────────────────────────────────────────────
    ../test-results/comprehensive-site-test-Co-e9d15-sting-Test-All-Public-Pages-chromium/video.webm
    ────────────────────────────────────────────────────────────────────────────────────────────────

[...]

[[ATTACHMENT|error-handling-error-bound-8cf9e-overs-from-failed-API-calls-Mobile-Chrome/video.webm]]

[[ATTACHMENT|error-handling-error-bound-8cf9e-overs-from-failed-API-calls-Mobile-Chrome/error-context.md]]
]]>
</system-out>
</testcase>
<testcase name="Error Boundary Tests › 04 - Error boundary shows user-friendly error message" classname="error-handling/error-boundary.spec.ts" time="25.74">
<failure message="error-boundary.spec.ts:91:7 04 - Error boundary shows user-friendly error message" type="FAILURE">
<![CDATA[  [Mobile Chrome] › error-handling/error-boundary.spec.ts:91:7 › Error Boundary Tests › 04 - Error boundary shows user-friendly error message 

    TimeoutError: page.waitForURL: Timeout 20000ms exceeded.
    =========================== logs ===========================
    waiting for navigation to "**/dashboard" until "load"
    ============================================================

      16 |   await page.fill('input[type="password"]', TEST_USER.password);
      17 |   await page.click('button[type="submit"]');
    > 18 |   await page.waitForURL('**/dashboard', { timeout: 20000 });
         |              ^
      19 | }
      20 |
      21 | test.describe('Error Boundary Tests', () => {
        at login (/Users/asithalakmal/Documents/web/untitled folder/SmartStoreSaaS-Mono/tests/error-handling/error-boundary.spec.ts:18:14)
        at /Users/asithalakmal/Documents/web/untitled folder/SmartStoreSaaS-Mono/tests/error-handling/error-boundary.spec.ts:92:5

    attachment #1: screenshot (image/png) ──────────────────────────────────────────────────────────
    ../test-results/error-handling-error-bound-64af9-user-friendly-error-message-Mobile-Chrome/test-failed-1.png
    ────────────────────────────────────────────────────────────────────────────────────────────────

    attachment #2: video (video/webm) ──────────────────────────────────────────────────────────────
    ../test-results/error-handling-error-bound-64af9-user-friendly-error-message-Mobile-Chrome/video.webm
    ────────────────────────────────────────────────────────────────────────────────────────────────

    Error Context: ../test-results/error-handling-error-bound-64af9-user-friendly-error-message-Mobile-Chrome/error-context.md
]]>
</failure>
<system-out>
<![CDATA[
[[ATTACHMENT|error-handling-error-bound-64af9-user-friendly-error-message-Mobile-Chrome/test-failed-1.png]]

[[ATTACHMENT|error-handling-error-bound-64af9-user-friendly-error-message-Mobile-Chrome/video.webm]]

[[ATTACHMENT|error-handling-error-bound-64af9-user-friendly-error-message-Mobile-Chrome/error-context.md]]
]]>
</system-out>
</testcase>
<testcase name="Error Boundary Tests › 05 - Page errors do not affect other pages" classname="error-handling/error-boundary.spec.ts" time="26.664">
<failure message="error-boundary.spec.ts:110:7 05 - Page errors do not affect other pages" type="FAILURE">
<![CDATA[  [Mobile Chrome] › error-handling/error-boundary.spec.ts:110:7 › Error Boundary Tests › 05 - Page errors do not affect other pages 

    TimeoutError: page.waitForURL: Timeout 20000ms exceeded.
    =========================== logs ===========================
    waiting for navigation to "**/dashboard" until "load"
    ============================================================

      16 |   await page.fill('input[type="password"]', TEST_USER.password);
      17 |   await page.click('button[type="submit"]');
    > 18 |   await page.waitForURL('**/dashboard', { timeout: 20000 });
         |              ^
      19 | }
      20 |
      21 | test.describe('Error Boundary Tests', () => {
        at login (/Users/asithalakmal/Documents/web/untitled folder/SmartStoreSaaS-Mono/tests/error-handling/error-boundary.spec.ts:18:14)
        at /Users/asithalakmal/Documents/web/untitled folder/SmartStoreSaaS-Mono/tests/error-handling/error-boundary.spec.ts:111:5

    attachment #1: screenshot (image/png) ──────────────────────────────────────────────────────────
    ../test-results/error-handling-error-bound-17ea3-s-do-not-affect-other-pages-Mobile-Chrome/test-failed-1.png
    ────────────────────────────────────────────────────────────────────────────────────────────────

    attachment #2: video (video/webm) ──────────────────────────────────────────────────────────────
    ../test-results/error-handling-error-bound-17ea3-s-do-not-affect-other-pages-Mobile-Chrome/video.webm
    ────────────────────────────────────────────────────────────────────────────────────────────────

    Error Context: ../test-results/error-handling-error-bound-17ea3-s-do-not-affect-other-pages-Mobile-Chrome/error-context.md
]]>
</failure>
<system-out>
<![CDATA[
[[ATTACHMENT|error-handling-error-bound-17ea3-s-do-not-affect-other-pages-Mobile-Chrome/test-failed-1.png]]

[[ATTACHMENT|error-handling-error-bound-17ea3-s-do-not-affect-other-pages-Mobile-Chrome/video.webm]]

[[ATTACHMENT|error-handling-error-bound-17ea3-s-do-not-affect-other-pages-Mobile-Chrome/error-context.md]]
]]>
</system-out>
</testcase>
<testcase name="Error Boundary Tests › 06 - Network errors are handled gracefully" classname="error-handling/error-boundary.spec.ts" time="25.279">
<failure message="error-boundary.spec.ts:127:7 06 - Network errors are handled gracefully" type="FAILURE">
<![CDATA[  [Mobile Chrome] › error-handling/error-boundary.spec.ts:127:7 › Error Boundary Tests › 06 - Network errors are handled gracefully 

    TimeoutError: page.waitForURL: Timeout 20000ms exceeded.
    =========================== logs ===========================
    waiting for navigation to "**/dashboard" until "load"
      navigated to "http://localhost:3000/login?callbackUrl=%2Fdashboard"
      navigated to "http://localhost:3000/login?callbackUrl=%2Fdashboard"
    ============================================================

      16 |   await page.fill('input[type="password"]', TEST_USER.password);
      17 |   await page.click('button[type="submit"]');
    > 18 |   await page.waitForURL('**/dashboard', { timeout: 20000 });
         |              ^
      19 | }
      20 |
      21 | test.describe('Error Boundary Tests', () => {
        at login (/Users/asithalakmal/Documents/web/untitled folder/SmartStoreSaaS-Mono/tests/error-handling/error-boundary.spec.ts:18:14)
        at /Users/asithalakmal/Documents/web/untitled folder/SmartStoreSaaS-Mono/tests/error-handling/error-boundary.spec.ts:128:5

    attachment #1: screenshot (image/png) ──────────────────────────────────────────────────────────
    ../test-results/error-handling-error-bound-05c2f-rors-are-handled-gracefully-Mobile-Chrome/test-failed-1.png
    ────────────────────────────────────────────────────────────────────────────────────────────────

    attachment #2: video (video/webm) ──────────────────────────────────────────────────────────────
    ../test-results/error-handling-error-bound-05c2f-rors-are-handled-gracefully-Mobile-Chrome/video.webm
    ────────────────────────────────────────────────────────────────────────────────────────────────

    Error Context: ../test-results/error-handling-error-bound-05c2f-rors-are-handled-gracefully-Mobile-Chrome/error-context.md
]]>
</failure>
<system-out>
<![CDATA[
[[ATTACHMENT|error-handling-error-bound-05c2f-rors-are-handled-gracefully-Mobile-Chrome/test-failed-1.png]]

[[ATTACHMENT|error-handling-error-bound-05c2f-rors-are-handled-gracefully-Mobile-Chrome/video.webm]]

[[ATTACHMENT|error-handling-error-bound-05c2f-rors-are-handled-gracefully-Mobile-Chrome/error-context.md]]
]]>
</system-out>
</testcase>
<testcase name="Error Boundary Tests › 07 - JavaScript errors do not break the entire app" classname="error-handling/error-boundary.spec.ts" time="26.702">
<failure message="error-boundary.spec.ts:147:7 07 - JavaScript errors do not break the entire app" type="FAILURE">
<![CDATA[  [Mobile Chrome] › error-handling/error-boundary.spec.ts:147:7 › Error Boundary Tests › 07 - JavaScript errors do not break the entire app 

    TimeoutError: page.waitForURL: Timeout 20000ms exceeded.
    =========================== logs ===========================
    waiting for navigation to "**/dashboard" until "load"
      navigated to "http://localhost:3000/login?callbackUrl=%2Fdashboard"
      navigated to "http://localhost:3000/login?callbackUrl=%2Fdashboard"
    ============================================================

      16 |   await page.fill('input[type="password"]', TEST_USER.password);
      17 |   await page.click('button[type="submit"]');
    > 18 |   await page.waitForURL('**/dashboard', { timeout: 20000 });
         |              ^
      19 | }
      20 |
      21 | test.describe('Error Boundary Tests', () => {
        at login (/Users/asithalakmal/Documents/web/untitled folder/SmartStoreSaaS-Mono/tests/error-handling/error-boundary.spec.ts:18:14)
        at /Users/asithalakmal/Documents/web/untitled folder/SmartStoreSaaS-Mono/tests/error-handling/error-boundary.spec.ts:154:5

    attachment #1: screenshot (image/png) ──────────────────────────────────────────────────────────
    ../test-results/error-handling-error-bound-a9183-do-not-break-the-entire-app-Mobile-Chrome/test-failed-1.png
    ────────────────────────────────────────────────────────────────────────────────────────────────

    attachment #2: video (video/webm) ──────────────────────────────────────────────────────────────
    ../test-results/error-handling-error-bound-a9183-do-not-break-the-entire-app-Mobile-Chrome/video.webm
    ────────────────────────────────────────────────────────────────────────────────────────────────

    Error Context: ../test-results/error-handling-error-bound-a9183-do-not-break-the-entire-app-Mobile-Chrome/error-context.md
]]>
</failure>
<system-out>
<![CDATA[
[[ATTACHMENT|error-handling-error-bound-a9183-do-not-break-the-entire-app-Mobile-Chrome/test-failed-1.png]]

[[ATTACHMENT|error-handling-error-bound-a9183-do-not-break-the-entire-app-Mobile-Chrome/video.webm]]

[[ATTACHMENT|error-handling-error-bound-a9183-do-not-break-the-entire-app-Mobile-Chrome/error-context.md]]
]]>
</system-out>
</testcase>
<testcase name="Error Boundary Tests › 08 - Unhandled promise rejections are caught" classname="error-handling/error-boundary.spec.ts" time="25.983">
<failure message="error-boundary.spec.ts:174:7 08 - Unhandled promise rejections are caught" type="FAILURE">
<![CDATA[  [Mobile Chrome] › error-handling/error-boundary.spec.ts:174:7 › Error Boundary Tests › 08 - Unhandled promise rejections are caught 

    TimeoutError: page.waitForURL: Timeout 20000ms exceeded.
    =========================== logs ===========================
    waiting for navigation to "**/dashboard" until "load"
      navigated to "http://localhost:3000/login?callbackUrl=%2Fdashboard"
      navigated to "http://localhost:3000/login?callbackUrl=%2Fdashboard"
    ============================================================

      16 |   await page.fill('input[type="password"]', TEST_USER.password);
      17 |   await page.click('button[type="submit"]');
    > 18 |   await page.waitForURL('**/dashboard', { timeout: 20000 });
         |              ^
      19 | }
      20 |
      21 | test.describe('Error Boundary Tests', () => {
        at login (/Users/asithalakmal/Documents/web/untitled folder/SmartStoreSaaS-Mono/tests/error-handling/error-boundary.spec.ts:18:14)
        at /Users/asithalakmal/Documents/web/untitled folder/SmartStoreSaaS-Mono/tests/error-handling/error-boundary.spec.ts:183:5

    attachment #1: screenshot (image/png) ──────────────────────────────────────────────────────────
    ../test-results/error-handling-error-bound-cd6e6-omise-rejections-are-caught-Mobile-Chrome/test-failed-1.png
    ────────────────────────────────────────────────────────────────────────────────────────────────

    attachment #2: video (video/webm) ──────────────────────────────────────────────────────────────
    ../test-results/error-handling-error-bound-cd6e6-omise-rejections-are-caught-Mobile-Chrome/video.webm
    ────────────────────────────────────────────────────────────────────────────────────────────────

    Error Context: ../test-results/error-handling-error-bound-cd6e6-omise-rejections-are-caught-Mobile-Chrome/error-context.md
]]>
</failure>
<system-out>
<![CDATA[
[[ATTACHMENT|error-handling-error-bound-cd6e6-omise-rejections-are-caught-Mobile-Chrome/test-failed-1.png]]

[[ATTACHMENT|error-handling-error-bound-cd6e6-omise-rejections-are-caught-Mobile-Chrome/video.webm]]

[[ATTACHMENT|error-handling-error-bound-cd6e6-omise-rejections-are-caught-Mobile-Chrome/error-context.md]]
]]>
</system-out>
</testcase>
<testcase name="Error Boundary Tests › 09 - Error boundary has reset functionality" classname="error-handling/error-boundary.spec.ts" time="25.87">
<failure message="error-boundary.spec.ts:195:7 09 - Error boundary has reset functionality" type="FAILURE">
<![CDATA[  [Mobile Chrome] › error-handling/error-boundary.spec.ts:195:7 › Error Boundary Tests › 09 - Error boundary has reset functionality 

    TimeoutError: page.waitForURL: Timeout 20000ms exceeded.
    =========================== logs ===========================
    waiting for navigation to "**/dashboard" until "load"
    ============================================================

      16 |   await page.fill('input[type="password"]', TEST_USER.password);
      17 |   await page.click('button[type="submit"]');
    > 18 |   await page.waitForURL('**/dashboard', { timeout: 20000 });
         |              ^
      19 | }
      20 |
      21 | test.describe('Error Boundary Tests', () => {
        at login (/Users/asithalakmal/Documents/web/untitled folder/SmartStoreSaaS-Mono/tests/error-handling/error-boundary.spec.ts:18:14)
        at /Users/asithalakmal/Documents/web/untitled folder/SmartStoreSaaS-Mono/tests/error-handling/error-boundary.spec.ts:196:5

    attachment #1: screenshot (image/png) ──────────────────────────────────────────────────────────
    ../test-results/error-handling-error-bound-8830b-ary-has-reset-functionality-Mobile-Chrome/test-failed-1.png
    ────────────────────────────────────────────────────────────────────────────────────────────────

    attachment #2: video (video/webm) ──────────────────────────────────────────────────────────────
    ../test-results/error-handling-error-bound-8830b-ary-has-reset-functionality-Mobile-Chrome/video.webm
    ────────────────────────────────────────────────────────────────────────────────────────────────

    Error Context: ../test-results/error-handling-error-bound-8830b-ary-has-reset-functionality-Mobile-Chrome/error-context.md
]]>
</failure>
<system-out>
<![CDATA[
[[ATTACHMENT|error-handling-error-bound-8830b-ary-has-reset-functionality-Mobile-Chrome/test-failed-1.png]]

[[ATTACHMENT|error-handling-error-bound-8830b-ary-has-reset-functionality-Mobile-Chrome/video.webm]]

[[ATTACHMENT|error-handling-error-bound-8830b-ary-has-reset-functionality-Mobile-Chrome/error-context.md]]
]]>
</system-out>
</testcase>
<testcase name="Error Boundary Tests › 10 - Critical errors are logged for monitoring" classname="error-handling/error-boundary.spec.ts" time="28.853">
<failure message="error-boundary.spec.ts:215:7 10 - Critical errors are logged for monitoring" type="FAILURE">
<![CDATA[  [Mobile Chrome] › error-handling/error-boundary.spec.ts:215:7 › Error Boundary Tests › 10 - Critical errors are logged for monitoring 

    TimeoutError: page.waitForURL: Timeout 20000ms exceeded.
    =========================== logs ===========================
    waiting for navigation to "**/dashboard" until "load"
      navigated to "http://localhost:3000/login?callbackUrl=%2Fdashboard"
      navigated to "http://localhost:3000/login?callbackUrl=%2Fdashboard"
    ============================================================

      16 |   await page.fill('input[type="password"]', TEST_USER.password);
      17 |   await page.click('button[type="submit"]');
    > 18 |   await page.waitForURL('**/dashboard', { timeout: 20000 });
         |              ^
      19 | }
      20 |
      21 | test.describe('Error Boundary Tests', () => {
        at login (/Users/asithalakmal/Documents/web/untitled folder/SmartStoreSaaS-Mono/tests/error-handling/error-boundary.spec.ts:18:14)
        at /Users/asithalakmal/Documents/web/untitled folder/SmartStoreSaaS-Mono/tests/error-handling/error-boundary.spec.ts:224:5

    attachment #1: screenshot (image/png) ──────────────────────────────────────────────────────────
    ../test-results/error-handling-error-bound-3b9c7-s-are-logged-for-monitoring-Mobile-Chrome/test-failed-1.png
    ────────────────────────────────────────────────────────────────────────────────────────────────

    attachment #2: video (video/webm) ──────────────────────────────────────────────────────────────
    ../test-results/error-handling-error-bound-3b9c7-s-are-logged-for-monitoring-Mobile-Chrome/video.webm
    ────────────────────────────────────────────────────────────────────────────────────────────────

    Error Context: ../test-results/error-handling-error-bound-3b9c7-s-are-logged-for-monitoring-Mobile-Chrome/error-context.md
]]>
</failure>
<system-out>
<![CDATA[
[[ATTACHMENT|error-handling-error-bound-3b9c7-s-are-logged-for-monitoring-Mobile-Chrome/test-failed-1.png]]

[[ATTACHMENT|error-handling-error-bound-3b9c7-s-are-logged-for-monitoring-Mobile-Chrome/video.webm]]

[[ATTACHMENT|error-handling-error-bound-3b9c7-s-are-logged-for-monitoring-Mobile-Chrome/error-context.md]]
]]>
</system-out>
</testcase>
</testsuite>
<testsuite name="nextauth-debug-test.spec.ts" timestamp="2025-10-18T13:45:22.039Z" hostname="Mobile Chrome" tests="2" failures="1" skipped="0" time="13.35" errors="0">
<testcase name="NextAuth Debug Test › Test NextAuth Login with Debug Logs" classname="nextauth-debug-test.spec.ts" time="10.004">
<system-out>
<![CDATA[
🔍 Testing NextAuth Login with Debug Logs...
✅ Login page loaded successfully
✅ Login form elements found
✅ Credentials filled
✅ Form submitted
Current URL after login attempt: http://localhost:3000/login
❌ FAILED: Still on login page

📋 NextAuth Debug Logs:
]]>
</system-out>
<system-err>
<![CDATA[(node:74316) Warning: The 'NO_COLOR' env is ignored due to the 'FORCE_COLOR' env being set.
(Use `node --trace-warnings ...` to show where the warning was created)
]]>
</system-err>
</testcase>
<testcase name="NextAuth Debug Test › Test API Authentication Flow" classname="nextauth-debug-test.spec.ts" time="3.346">
<failure message="nextauth-debug-test.spec.ts:71:7 Test API Authentication Flow" type="FAILURE">
<![CDATA[  [Mobile Chrome] › nextauth-debug-test.spec.ts:71:7 › NextAuth Debug Test › Test API Authentication Flow 

    TypeError: signinResponse.headerValue is not a function

       96 |     
       97 |     // Check if we got a session cookie
    >  98 |     const setCookieHeader = await signinResponse.headerValue('set-cookie');
          |                                                  ^
       99 |     if (setCookieHeader) {
      100 |       console.log('✅ Session cookie received:', setCookieHeader.includes('next-auth.session-token'));
      101 |     }
        at /Users/asithalakmal/Documents/web/untitled folder/SmartStoreSaaS-Mono/tests/nextauth-debug-test.spec.ts:98:50
]]>
</failure>
<system-out>
<![CDATA[
🔍 Testing API Authentication Flow...
✅ CSRF token obtained: 6a80a8854e49ab5cdf3a...
Signin response status: [33m200[39m
Signin response headers: {
  vary: [32m'RSC, Next-Router-State-Tree, Next-Router-Prefetch, Next-Url, Accept-Encoding'[39m,
  [32m'cache-control'[39m: [32m'no-store, must-revalidate'[39m,
  [32m'x-powered-by'[39m: [32m'Next.js'[39m,
  [32m'content-type'[39m: [32m'text/html; charset=utf-8'[39m,
  [32m'content-encoding'[39m: [32m'gzip'[39m,
  date: [32m'Sat, 18 Oct 2025 14:44:22 GMT'[39m,
  connection: [32m'keep-alive'[39m,
  [32m'keep-alive'[39m: [32m'timeout=5'[39m,
  [32m'transfer-encoding'[39m: [32m'chunked'[39m
}
]]>
</system-out>
</testcase>
</testsuite>
</testsuites>